ERROR - 2026-01-14 02:33:06 --> mysqli_sql_exception: You have an error in your SQL syntax; check the manual that corresponds to your MySQL server version for the right syntax to use near '5 = :5:' at line 1 in E:\laragon\www\siakad.inf25\system\Database\MySQLi\Connection.php:292
Stack trace:
#0 E:\laragon\www\siakad.inf25\system\Database\MySQLi\Connection.php(292): mysqli->query('UPDATE `tbl_pro...', 0)
#1 E:\laragon\www\siakad.inf25\system\Database\BaseConnection.php(666): CodeIgniter\Database\MySQLi\Connection->execute('UPDATE `tbl_pro...')
#2 E:\laragon\www\siakad.inf25\system\Database\BaseConnection.php(593): CodeIgniter\Database\BaseConnection->simpleQuery('UPDATE `tbl_pro...')
#3 E:\laragon\www\siakad.inf25\system\Database\BaseBuilder.php(2079): CodeIgniter\Database\BaseConnection->query('UPDATE `tbl_pro...', Array, false)
#4 E:\laragon\www\siakad.inf25\app\Models\ModelJurusan.php(30): CodeIgniter\Database\BaseBuilder->update('5')
#5 E:\laragon\www\siakad.inf25\app\Controllers\Jurusan.php(160): App\Models\ModelJurusan->UpdateData('5', Array)
#6 E:\laragon\www\siakad.inf25\system\CodeIgniter.php(927): App\Controllers\Jurusan->UpdateData('5')
#7 E:\laragon\www\siakad.inf25\system\CodeIgniter.php(482): CodeIgniter\CodeIgniter->runController(Object(App\Controllers\Jurusan))
#8 E:\laragon\www\siakad.inf25\system\CodeIgniter.php(351): CodeIgniter\CodeIgniter->handleRequest(NULL, Object(Config\Cache), false)
#9 E:\laragon\www\siakad.inf25\public\index.php(67): CodeIgniter\CodeIgniter->run()
#10 {main}
CRITICAL - 2026-01-14 02:33:06 --> You have an error in your SQL syntax; check the manual that corresponds to your MySQL server version for the right syntax to use near '5 = :5:' at line 1
in SYSTEMPATH\Database\MySQLi\Connection.php on line 292.
 1 SYSTEMPATH\Database\MySQLi\Connection.php(292): mysqli->query('UPDATE `tbl_prodi` SET 5 = :5:', 0)
 2 SYSTEMPATH\Database\BaseConnection.php(666): CodeIgniter\Database\MySQLi\Connection->execute('UPDATE `tbl_prodi` SET 5 = :5:')
 3 SYSTEMPATH\Database\BaseConnection.php(593): CodeIgniter\Database\BaseConnection->simpleQuery('UPDATE `tbl_prodi` SET 5 = :5:')
 4 SYSTEMPATH\Database\BaseBuilder.php(2079): CodeIgniter\Database\BaseConnection->query('UPDATE `tbl_prodi` SET 5 = :5:', [...], false)
 5 APPPATH\Models\ModelJurusan.php(30): CodeIgniter\Database\BaseBuilder->update('5')
 6 APPPATH\Controllers\Jurusan.php(160): App\Models\ModelJurusan->UpdateData('5', [...])
 7 SYSTEMPATH\CodeIgniter.php(927): App\Controllers\Jurusan->UpdateData('5')
 8 SYSTEMPATH\CodeIgniter.php(482): CodeIgniter\CodeIgniter->runController(Object(App\Controllers\Jurusan))
 9 SYSTEMPATH\CodeIgniter.php(351): CodeIgniter\CodeIgniter->handleRequest(null, Object(Config\Cache), false)
10 FCPATH\index.php(67): CodeIgniter\CodeIgniter->run()
ERROR - 2026-01-14 02:35:49 --> mysqli_sql_exception: You have an error in your SQL syntax; check the manual that corresponds to your MySQL server version for the right syntax to use near '1 = :1:' at line 1 in E:\laragon\www\siakad.inf25\system\Database\MySQLi\Connection.php:292
Stack trace:
#0 E:\laragon\www\siakad.inf25\system\Database\MySQLi\Connection.php(292): mysqli->query('UPDATE `tbl_pro...', 0)
#1 E:\laragon\www\siakad.inf25\system\Database\BaseConnection.php(666): CodeIgniter\Database\MySQLi\Connection->execute('UPDATE `tbl_pro...')
#2 E:\laragon\www\siakad.inf25\system\Database\BaseConnection.php(593): CodeIgniter\Database\BaseConnection->simpleQuery('UPDATE `tbl_pro...')
#3 E:\laragon\www\siakad.inf25\system\Database\BaseBuilder.php(2079): CodeIgniter\Database\BaseConnection->query('UPDATE `tbl_pro...', Array, false)
#4 E:\laragon\www\siakad.inf25\app\Models\ModelJurusan.php(30): CodeIgniter\Database\BaseBuilder->update('1')
#5 E:\laragon\www\siakad.inf25\app\Controllers\Jurusan.php(160): App\Models\ModelJurusan->UpdateData('1', Array)
#6 E:\laragon\www\siakad.inf25\system\CodeIgniter.php(927): App\Controllers\Jurusan->UpdateData('1')
#7 E:\laragon\www\siakad.inf25\system\CodeIgniter.php(482): CodeIgniter\CodeIgniter->runController(Object(App\Controllers\Jurusan))
#8 E:\laragon\www\siakad.inf25\system\CodeIgniter.php(351): CodeIgniter\CodeIgniter->handleRequest(NULL, Object(Config\Cache), false)
#9 E:\laragon\www\siakad.inf25\public\index.php(67): CodeIgniter\CodeIgniter->run()
#10 {main}
CRITICAL - 2026-01-14 02:35:49 --> You have an error in your SQL syntax; check the manual that corresponds to your MySQL server version for the right syntax to use near '1 = :1:' at line 1
in SYSTEMPATH\Database\MySQLi\Connection.php on line 292.
 1 SYSTEMPATH\Database\MySQLi\Connection.php(292): mysqli->query('UPDATE `tbl_prodi` SET 1 = :1:', 0)
 2 SYSTEMPATH\Database\BaseConnection.php(666): CodeIgniter\Database\MySQLi\Connection->execute('UPDATE `tbl_prodi` SET 1 = :1:')
 3 SYSTEMPATH\Database\BaseConnection.php(593): CodeIgniter\Database\BaseConnection->simpleQuery('UPDATE `tbl_prodi` SET 1 = :1:')
 4 SYSTEMPATH\Database\BaseBuilder.php(2079): CodeIgniter\Database\BaseConnection->query('UPDATE `tbl_prodi` SET 1 = :1:', [...], false)
 5 APPPATH\Models\ModelJurusan.php(30): CodeIgniter\Database\BaseBuilder->update('1')
 6 APPPATH\Controllers\Jurusan.php(160): App\Models\ModelJurusan->UpdateData('1', [...])
 7 SYSTEMPATH\CodeIgniter.php(927): App\Controllers\Jurusan->UpdateData('1')
 8 SYSTEMPATH\CodeIgniter.php(482): CodeIgniter\CodeIgniter->runController(Object(App\Controllers\Jurusan))
 9 SYSTEMPATH\CodeIgniter.php(351): CodeIgniter\CodeIgniter->handleRequest(null, Object(Config\Cache), false)
10 FCPATH\index.php(67): CodeIgniter\CodeIgniter->run()
ERROR - 2026-01-14 02:36:05 --> mysqli_sql_exception: You have an error in your SQL syntax; check the manual that corresponds to your MySQL server version for the right syntax to use near '1 = :1:' at line 1 in E:\laragon\www\siakad.inf25\system\Database\MySQLi\Connection.php:292
Stack trace:
#0 E:\laragon\www\siakad.inf25\system\Database\MySQLi\Connection.php(292): mysqli->query('UPDATE `tbl_pro...', 0)
#1 E:\laragon\www\siakad.inf25\system\Database\BaseConnection.php(666): CodeIgniter\Database\MySQLi\Connection->execute('UPDATE `tbl_pro...')
#2 E:\laragon\www\siakad.inf25\system\Database\BaseConnection.php(593): CodeIgniter\Database\BaseConnection->simpleQuery('UPDATE `tbl_pro...')
#3 E:\laragon\www\siakad.inf25\system\Database\BaseBuilder.php(2079): CodeIgniter\Database\BaseConnection->query('UPDATE `tbl_pro...', Array, false)
#4 E:\laragon\www\siakad.inf25\app\Models\ModelJurusan.php(30): CodeIgniter\Database\BaseBuilder->update('1')
#5 E:\laragon\www\siakad.inf25\app\Controllers\Jurusan.php(160): App\Models\ModelJurusan->UpdateData('1', Array)
#6 E:\laragon\www\siakad.inf25\system\CodeIgniter.php(927): App\Controllers\Jurusan->UpdateData('1')
#7 E:\laragon\www\siakad.inf25\system\CodeIgniter.php(482): CodeIgniter\CodeIgniter->runController(Object(App\Controllers\Jurusan))
#8 E:\laragon\www\siakad.inf25\system\CodeIgniter.php(351): CodeIgniter\CodeIgniter->handleRequest(NULL, Object(Config\Cache), false)
#9 E:\laragon\www\siakad.inf25\public\index.php(67): CodeIgniter\CodeIgniter->run()
#10 {main}
CRITICAL - 2026-01-14 02:36:05 --> You have an error in your SQL syntax; check the manual that corresponds to your MySQL server version for the right syntax to use near '1 = :1:' at line 1
in SYSTEMPATH\Database\MySQLi\Connection.php on line 292.
 1 SYSTEMPATH\Database\MySQLi\Connection.php(292): mysqli->query('UPDATE `tbl_prodi` SET 1 = :1:', 0)
 2 SYSTEMPATH\Database\BaseConnection.php(666): CodeIgniter\Database\MySQLi\Connection->execute('UPDATE `tbl_prodi` SET 1 = :1:')
 3 SYSTEMPATH\Database\BaseConnection.php(593): CodeIgniter\Database\BaseConnection->simpleQuery('UPDATE `tbl_prodi` SET 1 = :1:')
 4 SYSTEMPATH\Database\BaseBuilder.php(2079): CodeIgniter\Database\BaseConnection->query('UPDATE `tbl_prodi` SET 1 = :1:', [...], false)
 5 APPPATH\Models\ModelJurusan.php(30): CodeIgniter\Database\BaseBuilder->update('1')
 6 APPPATH\Controllers\Jurusan.php(160): App\Models\ModelJurusan->UpdateData('1', [...])
 7 SYSTEMPATH\CodeIgniter.php(927): App\Controllers\Jurusan->UpdateData('1')
 8 SYSTEMPATH\CodeIgniter.php(482): CodeIgniter\CodeIgniter->runController(Object(App\Controllers\Jurusan))
 9 SYSTEMPATH\CodeIgniter.php(351): CodeIgniter\CodeIgniter->handleRequest(null, Object(Config\Cache), false)
10 FCPATH\index.php(67): CodeIgniter\CodeIgniter->run()
ERROR - 2026-01-14 02:37:14 --> mysqli_sql_exception: You have an error in your SQL syntax; check the manual that corresponds to your MySQL server version for the right syntax to use near '1 = :1:' at line 1 in E:\laragon\www\siakad.inf25\system\Database\MySQLi\Connection.php:292
Stack trace:
#0 E:\laragon\www\siakad.inf25\system\Database\MySQLi\Connection.php(292): mysqli->query('UPDATE `tbl_pro...', 0)
#1 E:\laragon\www\siakad.inf25\system\Database\BaseConnection.php(666): CodeIgniter\Database\MySQLi\Connection->execute('UPDATE `tbl_pro...')
#2 E:\laragon\www\siakad.inf25\system\Database\BaseConnection.php(593): CodeIgniter\Database\BaseConnection->simpleQuery('UPDATE `tbl_pro...')
#3 E:\laragon\www\siakad.inf25\system\Database\BaseBuilder.php(2079): CodeIgniter\Database\BaseConnection->query('UPDATE `tbl_pro...', Array, false)
#4 E:\laragon\www\siakad.inf25\app\Models\ModelJurusan.php(30): CodeIgniter\Database\BaseBuilder->update('1')
#5 E:\laragon\www\siakad.inf25\app\Controllers\Jurusan.php(160): App\Models\ModelJurusan->UpdateData('1', Array)
#6 E:\laragon\www\siakad.inf25\system\CodeIgniter.php(927): App\Controllers\Jurusan->UpdateData('1')
#7 E:\laragon\www\siakad.inf25\system\CodeIgniter.php(482): CodeIgniter\CodeIgniter->runController(Object(App\Controllers\Jurusan))
#8 E:\laragon\www\siakad.inf25\system\CodeIgniter.php(351): CodeIgniter\CodeIgniter->handleRequest(NULL, Object(Config\Cache), false)
#9 E:\laragon\www\siakad.inf25\public\index.php(67): CodeIgniter\CodeIgniter->run()
#10 {main}
CRITICAL - 2026-01-14 02:37:14 --> You have an error in your SQL syntax; check the manual that corresponds to your MySQL server version for the right syntax to use near '1 = :1:' at line 1
in SYSTEMPATH\Database\MySQLi\Connection.php on line 292.
 1 SYSTEMPATH\Database\MySQLi\Connection.php(292): mysqli->query('UPDATE `tbl_prodi` SET 1 = :1:', 0)
 2 SYSTEMPATH\Database\BaseConnection.php(666): CodeIgniter\Database\MySQLi\Connection->execute('UPDATE `tbl_prodi` SET 1 = :1:')
 3 SYSTEMPATH\Database\BaseConnection.php(593): CodeIgniter\Database\BaseConnection->simpleQuery('UPDATE `tbl_prodi` SET 1 = :1:')
 4 SYSTEMPATH\Database\BaseBuilder.php(2079): CodeIgniter\Database\BaseConnection->query('UPDATE `tbl_prodi` SET 1 = :1:', [...], false)
 5 APPPATH\Models\ModelJurusan.php(30): CodeIgniter\Database\BaseBuilder->update('1')
 6 APPPATH\Controllers\Jurusan.php(160): App\Models\ModelJurusan->UpdateData('1', [...])
 7 SYSTEMPATH\CodeIgniter.php(927): App\Controllers\Jurusan->UpdateData('1')
 8 SYSTEMPATH\CodeIgniter.php(482): CodeIgniter\CodeIgniter->runController(Object(App\Controllers\Jurusan))
 9 SYSTEMPATH\CodeIgniter.php(351): CodeIgniter\CodeIgniter->handleRequest(null, Object(Config\Cache), false)
10 FCPATH\index.php(67): CodeIgniter\CodeIgniter->run()
ERROR - 2026-01-14 02:39:34 --> mysqli_sql_exception: You have an error in your SQL syntax; check the manual that corresponds to your MySQL server version for the right syntax to use near '1 = :1:' at line 1 in E:\laragon\www\siakad.inf25\system\Database\MySQLi\Connection.php:292
Stack trace:
#0 E:\laragon\www\siakad.inf25\system\Database\MySQLi\Connection.php(292): mysqli->query('UPDATE `tbl_pro...', 0)
#1 E:\laragon\www\siakad.inf25\system\Database\BaseConnection.php(666): CodeIgniter\Database\MySQLi\Connection->execute('UPDATE `tbl_pro...')
#2 E:\laragon\www\siakad.inf25\system\Database\BaseConnection.php(593): CodeIgniter\Database\BaseConnection->simpleQuery('UPDATE `tbl_pro...')
#3 E:\laragon\www\siakad.inf25\system\Database\BaseBuilder.php(2079): CodeIgniter\Database\BaseConnection->query('UPDATE `tbl_pro...', Array, false)
#4 E:\laragon\www\siakad.inf25\app\Models\ModelJurusan.php(30): CodeIgniter\Database\BaseBuilder->update('1')
#5 E:\laragon\www\siakad.inf25\app\Controllers\Jurusan.php(160): App\Models\ModelJurusan->UpdateData('1', Array)
#6 E:\laragon\www\siakad.inf25\system\CodeIgniter.php(927): App\Controllers\Jurusan->UpdateData('1')
#7 E:\laragon\www\siakad.inf25\system\CodeIgniter.php(482): CodeIgniter\CodeIgniter->runController(Object(App\Controllers\Jurusan))
#8 E:\laragon\www\siakad.inf25\system\CodeIgniter.php(351): CodeIgniter\CodeIgniter->handleRequest(NULL, Object(Config\Cache), false)
#9 E:\laragon\www\siakad.inf25\public\index.php(67): CodeIgniter\CodeIgniter->run()
#10 {main}
CRITICAL - 2026-01-14 02:39:34 --> You have an error in your SQL syntax; check the manual that corresponds to your MySQL server version for the right syntax to use near '1 = :1:' at line 1
in SYSTEMPATH\Database\MySQLi\Connection.php on line 292.
 1 SYSTEMPATH\Database\MySQLi\Connection.php(292): mysqli->query('UPDATE `tbl_prodi` SET 1 = :1:', 0)
 2 SYSTEMPATH\Database\BaseConnection.php(666): CodeIgniter\Database\MySQLi\Connection->execute('UPDATE `tbl_prodi` SET 1 = :1:')
 3 SYSTEMPATH\Database\BaseConnection.php(593): CodeIgniter\Database\BaseConnection->simpleQuery('UPDATE `tbl_prodi` SET 1 = :1:')
 4 SYSTEMPATH\Database\BaseBuilder.php(2079): CodeIgniter\Database\BaseConnection->query('UPDATE `tbl_prodi` SET 1 = :1:', [...], false)
 5 APPPATH\Models\ModelJurusan.php(30): CodeIgniter\Database\BaseBuilder->update('1')
 6 APPPATH\Controllers\Jurusan.php(160): App\Models\ModelJurusan->UpdateData('1', [...])
 7 SYSTEMPATH\CodeIgniter.php(927): App\Controllers\Jurusan->UpdateData('1')
 8 SYSTEMPATH\CodeIgniter.php(482): CodeIgniter\CodeIgniter->runController(Object(App\Controllers\Jurusan))
 9 SYSTEMPATH\CodeIgniter.php(351): CodeIgniter\CodeIgniter->handleRequest(null, Object(Config\Cache), false)
10 FCPATH\index.php(67): CodeIgniter\CodeIgniter->run()
ERROR - 2026-01-14 02:40:22 --> mysqli_sql_exception: You have an error in your SQL syntax; check the manual that corresponds to your MySQL server version for the right syntax to use near '1 = :1:' at line 1 in E:\laragon\www\siakad.inf25\system\Database\MySQLi\Connection.php:292
Stack trace:
#0 E:\laragon\www\siakad.inf25\system\Database\MySQLi\Connection.php(292): mysqli->query('UPDATE `tbl_pro...', 0)
#1 E:\laragon\www\siakad.inf25\system\Database\BaseConnection.php(666): CodeIgniter\Database\MySQLi\Connection->execute('UPDATE `tbl_pro...')
#2 E:\laragon\www\siakad.inf25\system\Database\BaseConnection.php(593): CodeIgniter\Database\BaseConnection->simpleQuery('UPDATE `tbl_pro...')
#3 E:\laragon\www\siakad.inf25\system\Database\BaseBuilder.php(2079): CodeIgniter\Database\BaseConnection->query('UPDATE `tbl_pro...', Array, false)
#4 E:\laragon\www\siakad.inf25\app\Models\ModelJurusan.php(30): CodeIgniter\Database\BaseBuilder->update('1')
#5 E:\laragon\www\siakad.inf25\app\Controllers\Jurusan.php(160): App\Models\ModelJurusan->UpdateData('1', Array)
#6 E:\laragon\www\siakad.inf25\system\CodeIgniter.php(927): App\Controllers\Jurusan->UpdateData('1')
#7 E:\laragon\www\siakad.inf25\system\CodeIgniter.php(482): CodeIgniter\CodeIgniter->runController(Object(App\Controllers\Jurusan))
#8 E:\laragon\www\siakad.inf25\system\CodeIgniter.php(351): CodeIgniter\CodeIgniter->handleRequest(NULL, Object(Config\Cache), false)
#9 E:\laragon\www\siakad.inf25\public\index.php(67): CodeIgniter\CodeIgniter->run()
#10 {main}
CRITICAL - 2026-01-14 02:40:22 --> You have an error in your SQL syntax; check the manual that corresponds to your MySQL server version for the right syntax to use near '1 = :1:' at line 1
in SYSTEMPATH\Database\MySQLi\Connection.php on line 292.
 1 SYSTEMPATH\Database\MySQLi\Connection.php(292): mysqli->query('UPDATE `tbl_prodi` SET 1 = :1:', 0)
 2 SYSTEMPATH\Database\BaseConnection.php(666): CodeIgniter\Database\MySQLi\Connection->execute('UPDATE `tbl_prodi` SET 1 = :1:')
 3 SYSTEMPATH\Database\BaseConnection.php(593): CodeIgniter\Database\BaseConnection->simpleQuery('UPDATE `tbl_prodi` SET 1 = :1:')
 4 SYSTEMPATH\Database\BaseBuilder.php(2079): CodeIgniter\Database\BaseConnection->query('UPDATE `tbl_prodi` SET 1 = :1:', [...], false)
 5 APPPATH\Models\ModelJurusan.php(30): CodeIgniter\Database\BaseBuilder->update('1')
 6 APPPATH\Controllers\Jurusan.php(160): App\Models\ModelJurusan->UpdateData('1', [...])
 7 SYSTEMPATH\CodeIgniter.php(927): App\Controllers\Jurusan->UpdateData('1')
 8 SYSTEMPATH\CodeIgniter.php(482): CodeIgniter\CodeIgniter->runController(Object(App\Controllers\Jurusan))
 9 SYSTEMPATH\CodeIgniter.php(351): CodeIgniter\CodeIgniter->handleRequest(null, Object(Config\Cache), false)
10 FCPATH\index.php(67): CodeIgniter\CodeIgniter->run()
ERROR - 2026-01-14 03:09:19 --> mysqli_sql_exception: Table 'db-siakad-ci4.tbl_about_us' doesn't exist in E:\laragon\www\siakad.inf25\system\Database\MySQLi\Connection.php:292
Stack trace:
#0 E:\laragon\www\siakad.inf25\system\Database\MySQLi\Connection.php(292): mysqli->query('SELECT *\nFROM `...', 0)
#1 E:\laragon\www\siakad.inf25\system\Database\BaseConnection.php(666): CodeIgniter\Database\MySQLi\Connection->execute('SELECT *\nFROM `...')
#2 E:\laragon\www\siakad.inf25\system\Database\BaseConnection.php(593): CodeIgniter\Database\BaseConnection->simpleQuery('SELECT *\nFROM `...')
#3 E:\laragon\www\siakad.inf25\system\Database\BaseBuilder.php(1585): CodeIgniter\Database\BaseConnection->query('SELECT *\nFROM `...', Array, false)
#4 E:\laragon\www\siakad.inf25\app\Views\v_template_front_end.php(61): CodeIgniter\Database\BaseBuilder->get()
#5 E:\laragon\www\siakad.inf25\system\View\View.php(213): include('E:\\laragon\\www\\...')
#6 E:\laragon\www\siakad.inf25\system\View\View.php(216): CodeIgniter\View\View->CodeIgniter\View\{closure}()
#7 E:\laragon\www\siakad.inf25\system\Common.php(1134): CodeIgniter\View\View->render('v_template_fron...', Array, true)
#8 E:\laragon\www\siakad.inf25\app\Controllers\Home.php(16): view('v_template_fron...', Array)
#9 E:\laragon\www\siakad.inf25\system\CodeIgniter.php(927): App\Controllers\Home->index()
#10 E:\laragon\www\siakad.inf25\system\CodeIgniter.php(482): CodeIgniter\CodeIgniter->runController(Object(App\Controllers\Home))
#11 E:\laragon\www\siakad.inf25\system\CodeIgniter.php(351): CodeIgniter\CodeIgniter->handleRequest(NULL, Object(Config\Cache), false)
#12 E:\laragon\www\siakad.inf25\public\index.php(67): CodeIgniter\CodeIgniter->run()
#13 {main}
CRITICAL - 2026-01-14 03:09:19 --> Table 'db-siakad-ci4.tbl_about_us' doesn't exist
in SYSTEMPATH\Database\MySQLi\Connection.php on line 292.
 1 SYSTEMPATH\Database\MySQLi\Connection.php(292): mysqli->query('SELECT *
FROM `tbl_about_us`
WHERE `id` = 1', 0)
 2 SYSTEMPATH\Database\BaseConnection.php(666): CodeIgniter\Database\MySQLi\Connection->execute('SELECT *
FROM `tbl_about_us`
WHERE `id` = 1')
 3 SYSTEMPATH\Database\BaseConnection.php(593): CodeIgniter\Database\BaseConnection->simpleQuery('SELECT *
FROM `tbl_about_us`
WHERE `id` = 1')
 4 SYSTEMPATH\Database\BaseBuilder.php(1585): CodeIgniter\Database\BaseConnection->query('SELECT *
FROM `tbl_about_us`
WHERE `id` = :id:', [...], false)
 5 APPPATH\Views\v_template_front_end.php(61): CodeIgniter\Database\BaseBuilder->get()
 6 SYSTEMPATH\View\View.php(213): include('APPPATH\\Views\\v_template_front_end.php')
 7 SYSTEMPATH\View\View.php(216): CodeIgniter\View\View->CodeIgniter\View\{closure}()
 8 SYSTEMPATH\Common.php(1134): CodeIgniter\View\View->render('v_template_front_end', [], true)
 9 APPPATH\Controllers\Home.php(16): view('v_template_front_end', [...])
10 SYSTEMPATH\CodeIgniter.php(927): App\Controllers\Home->index()
11 SYSTEMPATH\CodeIgniter.php(482): CodeIgniter\CodeIgniter->runController(Object(App\Controllers\Home))
12 SYSTEMPATH\CodeIgniter.php(351): CodeIgniter\CodeIgniter->handleRequest(null, Object(Config\Cache), false)
13 FCPATH\index.php(67): CodeIgniter\CodeIgniter->run()
ERROR - 2026-01-14 03:10:48 --> mysqli_sql_exception: Table 'db-siakad-ci4.tbl_about_us' doesn't exist in E:\laragon\www\siakad.inf25\system\Database\MySQLi\Connection.php:292
Stack trace:
#0 E:\laragon\www\siakad.inf25\system\Database\MySQLi\Connection.php(292): mysqli->query('SELECT *\nFROM `...', 0)
#1 E:\laragon\www\siakad.inf25\system\Database\BaseConnection.php(666): CodeIgniter\Database\MySQLi\Connection->execute('SELECT *\nFROM `...')
#2 E:\laragon\www\siakad.inf25\system\Database\BaseConnection.php(593): CodeIgniter\Database\BaseConnection->simpleQuery('SELECT *\nFROM `...')
#3 E:\laragon\www\siakad.inf25\system\Database\BaseBuilder.php(1585): CodeIgniter\Database\BaseConnection->query('SELECT *\nFROM `...', Array, false)
#4 E:\laragon\www\siakad.inf25\app\Views\v_template_front_end.php(61): CodeIgniter\Database\BaseBuilder->get()
#5 E:\laragon\www\siakad.inf25\system\View\View.php(213): include('E:\\laragon\\www\\...')
#6 E:\laragon\www\siakad.inf25\system\View\View.php(216): CodeIgniter\View\View->CodeIgniter\View\{closure}()
#7 E:\laragon\www\siakad.inf25\system\Common.php(1134): CodeIgniter\View\View->render('v_template_fron...', Array, true)
#8 E:\laragon\www\siakad.inf25\app\Controllers\Home.php(16): view('v_template_fron...', Array)
#9 E:\laragon\www\siakad.inf25\system\CodeIgniter.php(927): App\Controllers\Home->index()
#10 E:\laragon\www\siakad.inf25\system\CodeIgniter.php(482): CodeIgniter\CodeIgniter->runController(Object(App\Controllers\Home))
#11 E:\laragon\www\siakad.inf25\system\CodeIgniter.php(351): CodeIgniter\CodeIgniter->handleRequest(NULL, Object(Config\Cache), false)
#12 E:\laragon\www\siakad.inf25\public\index.php(67): CodeIgniter\CodeIgniter->run()
#13 {main}
CRITICAL - 2026-01-14 03:10:48 --> Table 'db-siakad-ci4.tbl_about_us' doesn't exist
in SYSTEMPATH\Database\MySQLi\Connection.php on line 292.
 1 SYSTEMPATH\Database\MySQLi\Connection.php(292): mysqli->query('SELECT *
FROM `tbl_about_us`
WHERE `id` = 1', 0)
 2 SYSTEMPATH\Database\BaseConnection.php(666): CodeIgniter\Database\MySQLi\Connection->execute('SELECT *
FROM `tbl_about_us`
WHERE `id` = 1')
 3 SYSTEMPATH\Database\BaseConnection.php(593): CodeIgniter\Database\BaseConnection->simpleQuery('SELECT *
FROM `tbl_about_us`
WHERE `id` = 1')
 4 SYSTEMPATH\Database\BaseBuilder.php(1585): CodeIgniter\Database\BaseConnection->query('SELECT *
FROM `tbl_about_us`
WHERE `id` = :id:', [...], false)
 5 APPPATH\Views\v_template_front_end.php(61): CodeIgniter\Database\BaseBuilder->get()
 6 SYSTEMPATH\View\View.php(213): include('APPPATH\\Views\\v_template_front_end.php')
 7 SYSTEMPATH\View\View.php(216): CodeIgniter\View\View->CodeIgniter\View\{closure}()
 8 SYSTEMPATH\Common.php(1134): CodeIgniter\View\View->render('v_template_front_end', [], true)
 9 APPPATH\Controllers\Home.php(16): view('v_template_front_end', [...])
10 SYSTEMPATH\CodeIgniter.php(927): App\Controllers\Home->index()
11 SYSTEMPATH\CodeIgniter.php(482): CodeIgniter\CodeIgniter->runController(Object(App\Controllers\Home))
12 SYSTEMPATH\CodeIgniter.php(351): CodeIgniter\CodeIgniter->handleRequest(null, Object(Config\Cache), false)
13 FCPATH\index.php(67): CodeIgniter\CodeIgniter->run()
CRITICAL - 2026-01-14 03:28:03 --> Undefined array key "logo_up"
in APPPATH\Views\v_template_front_end.php on line 24.
 1 APPPATH\Views\v_template_front_end.php(24): CodeIgniter\Debug\Exceptions->errorHandler(2, 'Undefined array key "logo_up"', 'APPPATH\\Views\\v_template_front_end.php', 24)
 2 SYSTEMPATH\View\View.php(213): include('APPPATH\\Views\\v_template_front_end.php')
 3 SYSTEMPATH\View\View.php(216): CodeIgniter\View\View->CodeIgniter\View\{closure}()
 4 SYSTEMPATH\Common.php(1134): CodeIgniter\View\View->render('v_template_front_end', [], true)
 5 APPPATH\Controllers\Home.php(16): view('v_template_front_end', [...])
 6 SYSTEMPATH\CodeIgniter.php(927): App\Controllers\Home->index()
 7 SYSTEMPATH\CodeIgniter.php(482): CodeIgniter\CodeIgniter->runController(Object(App\Controllers\Home))
 8 SYSTEMPATH\CodeIgniter.php(351): CodeIgniter\CodeIgniter->handleRequest(null, Object(Config\Cache), false)
 9 FCPATH\index.php(67): CodeIgniter\CodeIgniter->run()
CRITICAL - 2026-01-14 03:29:26 --> Undefined array key "logo_UP.png"
in APPPATH\Views\v_template_front_end.php on line 24.
 1 APPPATH\Views\v_template_front_end.php(24): CodeIgniter\Debug\Exceptions->errorHandler(2, 'Undefined array key "logo_UP.png"', 'APPPATH\\Views\\v_template_front_end.php', 24)
 2 SYSTEMPATH\View\View.php(213): include('APPPATH\\Views\\v_template_front_end.php')
 3 SYSTEMPATH\View\View.php(216): CodeIgniter\View\View->CodeIgniter\View\{closure}()
 4 SYSTEMPATH\Common.php(1134): CodeIgniter\View\View->render('v_template_front_end', [], true)
 5 APPPATH\Controllers\Home.php(16): view('v_template_front_end', [...])
 6 SYSTEMPATH\CodeIgniter.php(927): App\Controllers\Home->index()
 7 SYSTEMPATH\CodeIgniter.php(482): CodeIgniter\CodeIgniter->runController(Object(App\Controllers\Home))
 8 SYSTEMPATH\CodeIgniter.php(351): CodeIgniter\CodeIgniter->handleRequest(null, Object(Config\Cache), false)
 9 FCPATH\index.php(67): CodeIgniter\CodeIgniter->run()
CRITICAL - 2026-01-14 03:31:04 --> Undefined array key "logo_UP"
in APPPATH\Views\v_template_front_end.php on line 24.
 1 APPPATH\Views\v_template_front_end.php(24): CodeIgniter\Debug\Exceptions->errorHandler(2, 'Undefined array key "logo_UP"', 'APPPATH\\Views\\v_template_front_end.php', 24)
 2 SYSTEMPATH\View\View.php(213): include('APPPATH\\Views\\v_template_front_end.php')
 3 SYSTEMPATH\View\View.php(216): CodeIgniter\View\View->CodeIgniter\View\{closure}()
 4 SYSTEMPATH\Common.php(1134): CodeIgniter\View\View->render('v_template_front_end', [], true)
 5 APPPATH\Controllers\Home.php(16): view('v_template_front_end', [...])
 6 SYSTEMPATH\CodeIgniter.php(927): App\Controllers\Home->index()
 7 SYSTEMPATH\CodeIgniter.php(482): CodeIgniter\CodeIgniter->runController(Object(App\Controllers\Home))
 8 SYSTEMPATH\CodeIgniter.php(351): CodeIgniter\CodeIgniter->handleRequest(null, Object(Config\Cache), false)
 9 FCPATH\index.php(67): CodeIgniter\CodeIgniter->run()
CRITICAL - 2026-01-14 03:34:33 --> Undefined variable $d
in APPPATH\Views\v_template_front_end.php on line 162.
 1 APPPATH\Views\v_template_front_end.php(162): CodeIgniter\Debug\Exceptions->errorHandler(2, 'Undefined variable $d', 'APPPATH\\Views\\v_template_front_end.php', 162)
 2 SYSTEMPATH\View\View.php(213): include('APPPATH\\Views\\v_template_front_end.php')
 3 SYSTEMPATH\View\View.php(216): CodeIgniter\View\View->CodeIgniter\View\{closure}()
 4 SYSTEMPATH\Common.php(1134): CodeIgniter\View\View->render('v_template_front_end', [], true)
 5 APPPATH\Controllers\Home.php(16): view('v_template_front_end', [...])
 6 SYSTEMPATH\CodeIgniter.php(927): App\Controllers\Home->index()
 7 SYSTEMPATH\CodeIgniter.php(482): CodeIgniter\CodeIgniter->runController(Object(App\Controllers\Home))
 8 SYSTEMPATH\CodeIgniter.php(351): CodeIgniter\CodeIgniter->handleRequest(null, Object(Config\Cache), false)
 9 FCPATH\index.php(67): CodeIgniter\CodeIgniter->run()
CRITICAL - 2026-01-14 03:35:14 --> Undefined variable $d
in APPPATH\Views\v_template_front_end.php on line 162.
 1 APPPATH\Views\v_template_front_end.php(162): CodeIgniter\Debug\Exceptions->errorHandler(2, 'Undefined variable $d', 'APPPATH\\Views\\v_template_front_end.php', 162)
 2 SYSTEMPATH\View\View.php(213): include('APPPATH\\Views\\v_template_front_end.php')
 3 SYSTEMPATH\View\View.php(216): CodeIgniter\View\View->CodeIgniter\View\{closure}()
 4 SYSTEMPATH\Common.php(1134): CodeIgniter\View\View->render('v_template_front_end', [], true)
 5 APPPATH\Controllers\Home.php(16): view('v_template_front_end', [...])
 6 SYSTEMPATH\CodeIgniter.php(927): App\Controllers\Home->index()
 7 SYSTEMPATH\CodeIgniter.php(482): CodeIgniter\CodeIgniter->runController(Object(App\Controllers\Home))
 8 SYSTEMPATH\CodeIgniter.php(351): CodeIgniter\CodeIgniter->handleRequest(null, Object(Config\Cache), false)
 9 FCPATH\index.php(67): CodeIgniter\CodeIgniter->run()
CRITICAL - 2026-01-14 03:50:14 --> Undefined array key "nama_jurusan"
in APPPATH\Views\frontEnd\v_detail_jurusan.php on line 12.
 1 APPPATH\Views\frontEnd\v_detail_jurusan.php(12): CodeIgniter\Debug\Exceptions->errorHandler(2, 'Undefined array key "nama_jurusan"', 'APPPATH\\Views\\frontEnd\\v_detail_jurusan.php', 12)
 2 SYSTEMPATH\View\View.php(213): include('APPPATH\\Views\\frontEnd\\v_detail_jurusan.php')
 3 SYSTEMPATH\View\View.php(216): CodeIgniter\View\View->CodeIgniter\View\{closure}()
 4 SYSTEMPATH\Common.php(1134): CodeIgniter\View\View->render('frontEnd/v_detail_jurusan', [], true)
 5 APPPATH\Views\v_template_front_end.php(217): view('frontEnd/v_detail_jurusan')
 6 SYSTEMPATH\View\View.php(213): include('APPPATH\\Views\\v_template_front_end.php')
 7 SYSTEMPATH\View\View.php(216): CodeIgniter\View\View->CodeIgniter\View\{closure}()
 8 SYSTEMPATH\Common.php(1134): CodeIgniter\View\View->render('v_template_front_end', [], true)
 9 APPPATH\Controllers\Home.php(52): view('v_template_front_end', [...])
10 SYSTEMPATH\CodeIgniter.php(927): App\Controllers\Home->DetailJurusan('1')
11 SYSTEMPATH\CodeIgniter.php(482): CodeIgniter\CodeIgniter->runController(Object(App\Controllers\Home))
12 SYSTEMPATH\CodeIgniter.php(351): CodeIgniter\CodeIgniter->handleRequest(null, Object(Config\Cache), false)
13 FCPATH\index.php(67): CodeIgniter\CodeIgniter->run()
CRITICAL - 2026-01-14 03:51:14 --> Undefined array key "nama_jurusan"
in APPPATH\Views\frontEnd\v_detail_jurusan.php on line 12.
 1 APPPATH\Views\frontEnd\v_detail_jurusan.php(12): CodeIgniter\Debug\Exceptions->errorHandler(2, 'Undefined array key "nama_jurusan"', 'APPPATH\\Views\\frontEnd\\v_detail_jurusan.php', 12)
 2 SYSTEMPATH\View\View.php(213): include('APPPATH\\Views\\frontEnd\\v_detail_jurusan.php')
 3 SYSTEMPATH\View\View.php(216): CodeIgniter\View\View->CodeIgniter\View\{closure}()
 4 SYSTEMPATH\Common.php(1134): CodeIgniter\View\View->render('frontEnd/v_detail_jurusan', [], true)
 5 APPPATH\Views\v_template_front_end.php(217): view('frontEnd/v_detail_jurusan')
 6 SYSTEMPATH\View\View.php(213): include('APPPATH\\Views\\v_template_front_end.php')
 7 SYSTEMPATH\View\View.php(216): CodeIgniter\View\View->CodeIgniter\View\{closure}()
 8 SYSTEMPATH\Common.php(1134): CodeIgniter\View\View->render('v_template_front_end', [], true)
 9 APPPATH\Controllers\Home.php(52): view('v_template_front_end', [...])
10 SYSTEMPATH\CodeIgniter.php(927): App\Controllers\Home->DetailJurusan('1')
11 SYSTEMPATH\CodeIgniter.php(482): CodeIgniter\CodeIgniter->runController(Object(App\Controllers\Home))
12 SYSTEMPATH\CodeIgniter.php(351): CodeIgniter\CodeIgniter->handleRequest(null, Object(Config\Cache), false)
13 FCPATH\index.php(67): CodeIgniter\CodeIgniter->run()
CRITICAL - 2026-01-14 03:54:40 --> Undefined array key "nama_jurusan"
in APPPATH\Views\frontEnd\v_detail_jurusan.php on line 12.
 1 APPPATH\Views\frontEnd\v_detail_jurusan.php(12): CodeIgniter\Debug\Exceptions->errorHandler(2, 'Undefined array key "nama_jurusan"', 'APPPATH\\Views\\frontEnd\\v_detail_jurusan.php', 12)
 2 SYSTEMPATH\View\View.php(213): include('APPPATH\\Views\\frontEnd\\v_detail_jurusan.php')
 3 SYSTEMPATH\View\View.php(216): CodeIgniter\View\View->CodeIgniter\View\{closure}()
 4 SYSTEMPATH\Common.php(1134): CodeIgniter\View\View->render('frontEnd/v_detail_jurusan', [], true)
 5 APPPATH\Views\v_template_front_end.php(217): view('frontEnd/v_detail_jurusan')
 6 SYSTEMPATH\View\View.php(213): include('APPPATH\\Views\\v_template_front_end.php')
 7 SYSTEMPATH\View\View.php(216): CodeIgniter\View\View->CodeIgniter\View\{closure}()
 8 SYSTEMPATH\Common.php(1134): CodeIgniter\View\View->render('v_template_front_end', [], true)
 9 APPPATH\Controllers\Home.php(52): view('v_template_front_end', [...])
10 SYSTEMPATH\CodeIgniter.php(927): App\Controllers\Home->DetailJurusan('1')
11 SYSTEMPATH\CodeIgniter.php(482): CodeIgniter\CodeIgniter->runController(Object(App\Controllers\Home))
12 SYSTEMPATH\CodeIgniter.php(351): CodeIgniter\CodeIgniter->handleRequest(null, Object(Config\Cache), false)
13 FCPATH\index.php(67): CodeIgniter\CodeIgniter->run()
CRITICAL - 2026-01-14 03:54:48 --> Undefined array key "nama_jurusan"
in APPPATH\Views\frontEnd\v_detail_jurusan.php on line 12.
 1 APPPATH\Views\frontEnd\v_detail_jurusan.php(12): CodeIgniter\Debug\Exceptions->errorHandler(2, 'Undefined array key "nama_jurusan"', 'APPPATH\\Views\\frontEnd\\v_detail_jurusan.php', 12)
 2 SYSTEMPATH\View\View.php(213): include('APPPATH\\Views\\frontEnd\\v_detail_jurusan.php')
 3 SYSTEMPATH\View\View.php(216): CodeIgniter\View\View->CodeIgniter\View\{closure}()
 4 SYSTEMPATH\Common.php(1134): CodeIgniter\View\View->render('frontEnd/v_detail_jurusan', [], true)
 5 APPPATH\Views\v_template_front_end.php(217): view('frontEnd/v_detail_jurusan')
 6 SYSTEMPATH\View\View.php(213): include('APPPATH\\Views\\v_template_front_end.php')
 7 SYSTEMPATH\View\View.php(216): CodeIgniter\View\View->CodeIgniter\View\{closure}()
 8 SYSTEMPATH\Common.php(1134): CodeIgniter\View\View->render('v_template_front_end', [], true)
 9 APPPATH\Controllers\Home.php(52): view('v_template_front_end', [...])
10 SYSTEMPATH\CodeIgniter.php(927): App\Controllers\Home->DetailJurusan('1')
11 SYSTEMPATH\CodeIgniter.php(482): CodeIgniter\CodeIgniter->runController(Object(App\Controllers\Home))
12 SYSTEMPATH\CodeIgniter.php(351): CodeIgniter\CodeIgniter->handleRequest(null, Object(Config\Cache), false)
13 FCPATH\index.php(67): CodeIgniter\CodeIgniter->run()
CRITICAL - 2026-01-14 03:57:18 --> Undefined array key "nama_jurusan"
in APPPATH\Views\frontEnd\v_detail_jurusan.php on line 12.
 1 APPPATH\Views\frontEnd\v_detail_jurusan.php(12): CodeIgniter\Debug\Exceptions->errorHandler(2, 'Undefined array key "nama_jurusan"', 'APPPATH\\Views\\frontEnd\\v_detail_jurusan.php', 12)
 2 SYSTEMPATH\View\View.php(213): include('APPPATH\\Views\\frontEnd\\v_detail_jurusan.php')
 3 SYSTEMPATH\View\View.php(216): CodeIgniter\View\View->CodeIgniter\View\{closure}()
 4 SYSTEMPATH\Common.php(1134): CodeIgniter\View\View->render('frontEnd/v_detail_jurusan', [], true)
 5 APPPATH\Views\v_template_front_end.php(217): view('frontEnd/v_detail_jurusan')
 6 SYSTEMPATH\View\View.php(213): include('APPPATH\\Views\\v_template_front_end.php')
 7 SYSTEMPATH\View\View.php(216): CodeIgniter\View\View->CodeIgniter\View\{closure}()
 8 SYSTEMPATH\Common.php(1134): CodeIgniter\View\View->render('v_template_front_end', [], true)
 9 APPPATH\Controllers\Home.php(52): view('v_template_front_end', [...])
10 SYSTEMPATH\CodeIgniter.php(927): App\Controllers\Home->DetailJurusan('1')
11 SYSTEMPATH\CodeIgniter.php(482): CodeIgniter\CodeIgniter->runController(Object(App\Controllers\Home))
12 SYSTEMPATH\CodeIgniter.php(351): CodeIgniter\CodeIgniter->handleRequest(null, Object(Config\Cache), false)
13 FCPATH\index.php(67): CodeIgniter\CodeIgniter->run()
CRITICAL - 2026-01-14 03:57:32 --> Undefined array key "nama_jurusan"
in APPPATH\Views\frontEnd\v_detail_jurusan.php on line 12.
 1 APPPATH\Views\frontEnd\v_detail_jurusan.php(12): CodeIgniter\Debug\Exceptions->errorHandler(2, 'Undefined array key "nama_jurusan"', 'APPPATH\\Views\\frontEnd\\v_detail_jurusan.php', 12)
 2 SYSTEMPATH\View\View.php(213): include('APPPATH\\Views\\frontEnd\\v_detail_jurusan.php')
 3 SYSTEMPATH\View\View.php(216): CodeIgniter\View\View->CodeIgniter\View\{closure}()
 4 SYSTEMPATH\Common.php(1134): CodeIgniter\View\View->render('frontEnd/v_detail_jurusan', [], true)
 5 APPPATH\Views\v_template_front_end.php(217): view('frontEnd/v_detail_jurusan')
 6 SYSTEMPATH\View\View.php(213): include('APPPATH\\Views\\v_template_front_end.php')
 7 SYSTEMPATH\View\View.php(216): CodeIgniter\View\View->CodeIgniter\View\{closure}()
 8 SYSTEMPATH\Common.php(1134): CodeIgniter\View\View->render('v_template_front_end', [], true)
 9 APPPATH\Controllers\Home.php(52): view('v_template_front_end', [...])
10 SYSTEMPATH\CodeIgniter.php(927): App\Controllers\Home->DetailJurusan('1')
11 SYSTEMPATH\CodeIgniter.php(482): CodeIgniter\CodeIgniter->runController(Object(App\Controllers\Home))
12 SYSTEMPATH\CodeIgniter.php(351): CodeIgniter\CodeIgniter->handleRequest(null, Object(Config\Cache), false)
13 FCPATH\index.php(67): CodeIgniter\CodeIgniter->run()
CRITICAL - 2026-01-14 03:59:38 --> Undefined array key "nama_jurusan"
in APPPATH\Views\frontEnd\v_detail_jurusan.php on line 12.
 1 APPPATH\Views\frontEnd\v_detail_jurusan.php(12): CodeIgniter\Debug\Exceptions->errorHandler(2, 'Undefined array key "nama_jurusan"', 'APPPATH\\Views\\frontEnd\\v_detail_jurusan.php', 12)
 2 SYSTEMPATH\View\View.php(213): include('APPPATH\\Views\\frontEnd\\v_detail_jurusan.php')
 3 SYSTEMPATH\View\View.php(216): CodeIgniter\View\View->CodeIgniter\View\{closure}()
 4 SYSTEMPATH\Common.php(1134): CodeIgniter\View\View->render('frontEnd/v_detail_jurusan', [], true)
 5 APPPATH\Views\v_template_front_end.php(217): view('frontEnd/v_detail_jurusan')
 6 SYSTEMPATH\View\View.php(213): include('APPPATH\\Views\\v_template_front_end.php')
 7 SYSTEMPATH\View\View.php(216): CodeIgniter\View\View->CodeIgniter\View\{closure}()
 8 SYSTEMPATH\Common.php(1134): CodeIgniter\View\View->render('v_template_front_end', [], true)
 9 APPPATH\Controllers\Home.php(52): view('v_template_front_end', [...])
10 SYSTEMPATH\CodeIgniter.php(927): App\Controllers\Home->DetailJurusan('1')
11 SYSTEMPATH\CodeIgniter.php(482): CodeIgniter\CodeIgniter->runController(Object(App\Controllers\Home))
12 SYSTEMPATH\CodeIgniter.php(351): CodeIgniter\CodeIgniter->handleRequest(null, Object(Config\Cache), false)
13 FCPATH\index.php(67): CodeIgniter\CodeIgniter->run()
CRITICAL - 2026-01-14 04:03:39 --> Undefined array key "nama_jurusan"
in APPPATH\Views\frontEnd\v_detail_jurusan.php on line 12.
 1 APPPATH\Views\frontEnd\v_detail_jurusan.php(12): CodeIgniter\Debug\Exceptions->errorHandler(2, 'Undefined array key "nama_jurusan"', 'APPPATH\\Views\\frontEnd\\v_detail_jurusan.php', 12)
 2 SYSTEMPATH\View\View.php(213): include('APPPATH\\Views\\frontEnd\\v_detail_jurusan.php')
 3 SYSTEMPATH\View\View.php(216): CodeIgniter\View\View->CodeIgniter\View\{closure}()
 4 SYSTEMPATH\Common.php(1134): CodeIgniter\View\View->render('frontEnd/v_detail_jurusan', [], true)
 5 APPPATH\Views\v_template_front_end.php(217): view('frontEnd/v_detail_jurusan')
 6 SYSTEMPATH\View\View.php(213): include('APPPATH\\Views\\v_template_front_end.php')
 7 SYSTEMPATH\View\View.php(216): CodeIgniter\View\View->CodeIgniter\View\{closure}()
 8 SYSTEMPATH\Common.php(1134): CodeIgniter\View\View->render('v_template_front_end', [], true)
 9 APPPATH\Controllers\Home.php(52): view('v_template_front_end', [...])
10 SYSTEMPATH\CodeIgniter.php(927): App\Controllers\Home->DetailJurusan('1')
11 SYSTEMPATH\CodeIgniter.php(482): CodeIgniter\CodeIgniter->runController(Object(App\Controllers\Home))
12 SYSTEMPATH\CodeIgniter.php(351): CodeIgniter\CodeIgniter->handleRequest(null, Object(Config\Cache), false)
13 FCPATH\index.php(67): CodeIgniter\CodeIgniter->run()
CRITICAL - 2026-01-14 04:05:46 --> Trying to access array offset on value of type null
in APPPATH\Views\frontEnd\v_detail_jurusan.php on line 12.
 1 APPPATH\Views\frontEnd\v_detail_jurusan.php(12): CodeIgniter\Debug\Exceptions->errorHandler(2, 'Trying to access array offset on value of type null', 'APPPATH\\Views\\frontEnd\\v_detail_jurusan.php', 12)
 2 SYSTEMPATH\View\View.php(213): include('APPPATH\\Views\\frontEnd\\v_detail_jurusan.php')
 3 SYSTEMPATH\View\View.php(216): CodeIgniter\View\View->CodeIgniter\View\{closure}()
 4 SYSTEMPATH\Common.php(1134): CodeIgniter\View\View->render('frontEnd/v_detail_jurusan', [], true)
 5 APPPATH\Views\v_template_front_end.php(217): view('frontEnd/v_detail_jurusan')
 6 SYSTEMPATH\View\View.php(213): include('APPPATH\\Views\\v_template_front_end.php')
 7 SYSTEMPATH\View\View.php(216): CodeIgniter\View\View->CodeIgniter\View\{closure}()
 8 SYSTEMPATH\Common.php(1134): CodeIgniter\View\View->render('v_template_front_end', [], true)
 9 APPPATH\Controllers\Home.php(52): view('v_template_front_end', [...])
10 SYSTEMPATH\CodeIgniter.php(927): App\Controllers\Home->DetailJurusan('images', 'page-banner-6.jpg')
11 SYSTEMPATH\CodeIgniter.php(482): CodeIgniter\CodeIgniter->runController(Object(App\Controllers\Home))
12 SYSTEMPATH\CodeIgniter.php(351): CodeIgniter\CodeIgniter->handleRequest(null, Object(Config\Cache), false)
13 FCPATH\index.php(67): CodeIgniter\CodeIgniter->run()
CRITICAL - 2026-01-14 04:08:32 --> Trying to access array offset on value of type null
in APPPATH\Views\frontEnd\v_detail_jurusan.php on line 12.
 1 APPPATH\Views\frontEnd\v_detail_jurusan.php(12): CodeIgniter\Debug\Exceptions->errorHandler(2, 'Trying to access array offset on value of type null', 'APPPATH\\Views\\frontEnd\\v_detail_jurusan.php', 12)
 2 SYSTEMPATH\View\View.php(213): include('APPPATH\\Views\\frontEnd\\v_detail_jurusan.php')
 3 SYSTEMPATH\View\View.php(216): CodeIgniter\View\View->CodeIgniter\View\{closure}()
 4 SYSTEMPATH\Common.php(1134): CodeIgniter\View\View->render('frontEnd/v_detail_jurusan', [], true)
 5 APPPATH\Views\v_template_front_end.php(217): view('frontEnd/v_detail_jurusan')
 6 SYSTEMPATH\View\View.php(213): include('APPPATH\\Views\\v_template_front_end.php')
 7 SYSTEMPATH\View\View.php(216): CodeIgniter\View\View->CodeIgniter\View\{closure}()
 8 SYSTEMPATH\Common.php(1134): CodeIgniter\View\View->render('v_template_front_end', [], true)
 9 APPPATH\Controllers\Home.php(52): view('v_template_front_end', [...])
10 SYSTEMPATH\CodeIgniter.php(927): App\Controllers\Home->DetailJurusan('images', 'page-banner-6.jpg')
11 SYSTEMPATH\CodeIgniter.php(482): CodeIgniter\CodeIgniter->runController(Object(App\Controllers\Home))
12 SYSTEMPATH\CodeIgniter.php(351): CodeIgniter\CodeIgniter->handleRequest(null, Object(Config\Cache), false)
13 FCPATH\index.php(67): CodeIgniter\CodeIgniter->run()
ERROR - 2026-01-14 04:09:36 --> mysqli_sql_exception: You have an error in your SQL syntax; check the manual that corresponds to your MySQL server version for the right syntax to use near '1 = :1:' at line 1 in E:\laragon\www\siakad.inf25\system\Database\MySQLi\Connection.php:292
Stack trace:
#0 E:\laragon\www\siakad.inf25\system\Database\MySQLi\Connection.php(292): mysqli->query('UPDATE `tbl_pro...', 0)
#1 E:\laragon\www\siakad.inf25\system\Database\BaseConnection.php(666): CodeIgniter\Database\MySQLi\Connection->execute('UPDATE `tbl_pro...')
#2 E:\laragon\www\siakad.inf25\system\Database\BaseConnection.php(593): CodeIgniter\Database\BaseConnection->simpleQuery('UPDATE `tbl_pro...')
#3 E:\laragon\www\siakad.inf25\system\Database\BaseBuilder.php(2079): CodeIgniter\Database\BaseConnection->query('UPDATE `tbl_pro...', Array, false)
#4 E:\laragon\www\siakad.inf25\app\Models\ModelJurusan.php(30): CodeIgniter\Database\BaseBuilder->update('1')
#5 E:\laragon\www\siakad.inf25\app\Controllers\Jurusan.php(160): App\Models\ModelJurusan->UpdateData('1', Array)
#6 E:\laragon\www\siakad.inf25\system\CodeIgniter.php(927): App\Controllers\Jurusan->UpdateData('1')
#7 E:\laragon\www\siakad.inf25\system\CodeIgniter.php(482): CodeIgniter\CodeIgniter->runController(Object(App\Controllers\Jurusan))
#8 E:\laragon\www\siakad.inf25\system\CodeIgniter.php(351): CodeIgniter\CodeIgniter->handleRequest(NULL, Object(Config\Cache), false)
#9 E:\laragon\www\siakad.inf25\public\index.php(67): CodeIgniter\CodeIgniter->run()
#10 {main}
CRITICAL - 2026-01-14 04:09:36 --> You have an error in your SQL syntax; check the manual that corresponds to your MySQL server version for the right syntax to use near '1 = :1:' at line 1
in SYSTEMPATH\Database\MySQLi\Connection.php on line 292.
 1 SYSTEMPATH\Database\MySQLi\Connection.php(292): mysqli->query('UPDATE `tbl_prodi` SET 1 = :1:', 0)
 2 SYSTEMPATH\Database\BaseConnection.php(666): CodeIgniter\Database\MySQLi\Connection->execute('UPDATE `tbl_prodi` SET 1 = :1:')
 3 SYSTEMPATH\Database\BaseConnection.php(593): CodeIgniter\Database\BaseConnection->simpleQuery('UPDATE `tbl_prodi` SET 1 = :1:')
 4 SYSTEMPATH\Database\BaseBuilder.php(2079): CodeIgniter\Database\BaseConnection->query('UPDATE `tbl_prodi` SET 1 = :1:', [...], false)
 5 APPPATH\Models\ModelJurusan.php(30): CodeIgniter\Database\BaseBuilder->update('1')
 6 APPPATH\Controllers\Jurusan.php(160): App\Models\ModelJurusan->UpdateData('1', [...])
 7 SYSTEMPATH\CodeIgniter.php(927): App\Controllers\Jurusan->UpdateData('1')
 8 SYSTEMPATH\CodeIgniter.php(482): CodeIgniter\CodeIgniter->runController(Object(App\Controllers\Jurusan))
 9 SYSTEMPATH\CodeIgniter.php(351): CodeIgniter\CodeIgniter->handleRequest(null, Object(Config\Cache), false)
10 FCPATH\index.php(67): CodeIgniter\CodeIgniter->run()
CRITICAL - 2026-01-14 04:15:23 --> Trying to access array offset on value of type null
in APPPATH\Views\frontEnd\v_detail_jurusan.php on line 12.
 1 APPPATH\Views\frontEnd\v_detail_jurusan.php(12): CodeIgniter\Debug\Exceptions->errorHandler(2, 'Trying to access array offset on value of type null', 'APPPATH\\Views\\frontEnd\\v_detail_jurusan.php', 12)
 2 SYSTEMPATH\View\View.php(213): include('APPPATH\\Views\\frontEnd\\v_detail_jurusan.php')
 3 SYSTEMPATH\View\View.php(216): CodeIgniter\View\View->CodeIgniter\View\{closure}()
 4 SYSTEMPATH\Common.php(1134): CodeIgniter\View\View->render('frontEnd/v_detail_jurusan', [], true)
 5 APPPATH\Views\v_template_front_end.php(217): view('frontEnd/v_detail_jurusan')
 6 SYSTEMPATH\View\View.php(213): include('APPPATH\\Views\\v_template_front_end.php')
 7 SYSTEMPATH\View\View.php(216): CodeIgniter\View\View->CodeIgniter\View\{closure}()
 8 SYSTEMPATH\Common.php(1134): CodeIgniter\View\View->render('v_template_front_end', [], true)
 9 APPPATH\Controllers\Home.php(52): view('v_template_front_end', [...])
10 SYSTEMPATH\CodeIgniter.php(927): App\Controllers\Home->DetailJurusan('images', 'page-banner-6.jpg')
11 SYSTEMPATH\CodeIgniter.php(482): CodeIgniter\CodeIgniter->runController(Object(App\Controllers\Home))
12 SYSTEMPATH\CodeIgniter.php(351): CodeIgniter\CodeIgniter->handleRequest(null, Object(Config\Cache), false)
13 FCPATH\index.php(67): CodeIgniter\CodeIgniter->run()
CRITICAL - 2026-01-14 04:17:36 --> Trying to access array offset on value of type null
in APPPATH\Views\frontEnd\v_detail_jurusan.php on line 12.
 1 APPPATH\Views\frontEnd\v_detail_jurusan.php(12): CodeIgniter\Debug\Exceptions->errorHandler(2, 'Trying to access array offset on value of type null', 'APPPATH\\Views\\frontEnd\\v_detail_jurusan.php', 12)
 2 SYSTEMPATH\View\View.php(213): include('APPPATH\\Views\\frontEnd\\v_detail_jurusan.php')
 3 SYSTEMPATH\View\View.php(216): CodeIgniter\View\View->CodeIgniter\View\{closure}()
 4 SYSTEMPATH\Common.php(1134): CodeIgniter\View\View->render('frontEnd/v_detail_jurusan', [], true)
 5 APPPATH\Views\v_template_front_end.php(217): view('frontEnd/v_detail_jurusan')
 6 SYSTEMPATH\View\View.php(213): include('APPPATH\\Views\\v_template_front_end.php')
 7 SYSTEMPATH\View\View.php(216): CodeIgniter\View\View->CodeIgniter\View\{closure}()
 8 SYSTEMPATH\Common.php(1134): CodeIgniter\View\View->render('v_template_front_end', [], true)
 9 APPPATH\Controllers\Home.php(52): view('v_template_front_end', [...])
10 SYSTEMPATH\CodeIgniter.php(927): App\Controllers\Home->DetailJurusan('images', 'page-banner-6.jpg')
11 SYSTEMPATH\CodeIgniter.php(482): CodeIgniter\CodeIgniter->runController(Object(App\Controllers\Home))
12 SYSTEMPATH\CodeIgniter.php(351): CodeIgniter\CodeIgniter->handleRequest(null, Object(Config\Cache), false)
13 FCPATH\index.php(67): CodeIgniter\CodeIgniter->run()
CRITICAL - 2026-01-14 04:18:04 --> Trying to access array offset on value of type null
in APPPATH\Views\frontEnd\v_detail_jurusan.php on line 12.
 1 APPPATH\Views\frontEnd\v_detail_jurusan.php(12): CodeIgniter\Debug\Exceptions->errorHandler(2, 'Trying to access array offset on value of type null', 'APPPATH\\Views\\frontEnd\\v_detail_jurusan.php', 12)
 2 SYSTEMPATH\View\View.php(213): include('APPPATH\\Views\\frontEnd\\v_detail_jurusan.php')
 3 SYSTEMPATH\View\View.php(216): CodeIgniter\View\View->CodeIgniter\View\{closure}()
 4 SYSTEMPATH\Common.php(1134): CodeIgniter\View\View->render('frontEnd/v_detail_jurusan', [], true)
 5 APPPATH\Views\v_template_front_end.php(217): view('frontEnd/v_detail_jurusan')
 6 SYSTEMPATH\View\View.php(213): include('APPPATH\\Views\\v_template_front_end.php')
 7 SYSTEMPATH\View\View.php(216): CodeIgniter\View\View->CodeIgniter\View\{closure}()
 8 SYSTEMPATH\Common.php(1134): CodeIgniter\View\View->render('v_template_front_end', [], true)
 9 APPPATH\Controllers\Home.php(52): view('v_template_front_end', [...])
10 SYSTEMPATH\CodeIgniter.php(927): App\Controllers\Home->DetailJurusan('images', 'page-banner-6.jpg')
11 SYSTEMPATH\CodeIgniter.php(482): CodeIgniter\CodeIgniter->runController(Object(App\Controllers\Home))
12 SYSTEMPATH\CodeIgniter.php(351): CodeIgniter\CodeIgniter->handleRequest(null, Object(Config\Cache), false)
13 FCPATH\index.php(67): CodeIgniter\CodeIgniter->run()
CRITICAL - 2026-01-14 04:18:36 --> Trying to access array offset on value of type null
in APPPATH\Views\frontEnd\v_detail_jurusan.php on line 12.
 1 APPPATH\Views\frontEnd\v_detail_jurusan.php(12): CodeIgniter\Debug\Exceptions->errorHandler(2, 'Trying to access array offset on value of type null', 'APPPATH\\Views\\frontEnd\\v_detail_jurusan.php', 12)
 2 SYSTEMPATH\View\View.php(213): include('APPPATH\\Views\\frontEnd\\v_detail_jurusan.php')
 3 SYSTEMPATH\View\View.php(216): CodeIgniter\View\View->CodeIgniter\View\{closure}()
 4 SYSTEMPATH\Common.php(1134): CodeIgniter\View\View->render('frontEnd/v_detail_jurusan', [], true)
 5 APPPATH\Views\v_template_front_end.php(217): view('frontEnd/v_detail_jurusan')
 6 SYSTEMPATH\View\View.php(213): include('APPPATH\\Views\\v_template_front_end.php')
 7 SYSTEMPATH\View\View.php(216): CodeIgniter\View\View->CodeIgniter\View\{closure}()
 8 SYSTEMPATH\Common.php(1134): CodeIgniter\View\View->render('v_template_front_end', [], true)
 9 APPPATH\Controllers\Home.php(52): view('v_template_front_end', [...])
10 SYSTEMPATH\CodeIgniter.php(927): App\Controllers\Home->DetailJurusan('images', 'page-banner-6.jpg')
11 SYSTEMPATH\CodeIgniter.php(482): CodeIgniter\CodeIgniter->runController(Object(App\Controllers\Home))
12 SYSTEMPATH\CodeIgniter.php(351): CodeIgniter\CodeIgniter->handleRequest(null, Object(Config\Cache), false)
13 FCPATH\index.php(67): CodeIgniter\CodeIgniter->run()
CRITICAL - 2026-01-14 04:22:02 --> Trying to access array offset on value of type null
in APPPATH\Views\frontEnd\v_detail_jurusan.php on line 12.
 1 APPPATH\Views\frontEnd\v_detail_jurusan.php(12): CodeIgniter\Debug\Exceptions->errorHandler(2, 'Trying to access array offset on value of type null', 'APPPATH\\Views\\frontEnd\\v_detail_jurusan.php', 12)
 2 SYSTEMPATH\View\View.php(213): include('APPPATH\\Views\\frontEnd\\v_detail_jurusan.php')
 3 SYSTEMPATH\View\View.php(216): CodeIgniter\View\View->CodeIgniter\View\{closure}()
 4 SYSTEMPATH\Common.php(1134): CodeIgniter\View\View->render('frontEnd/v_detail_jurusan', [], true)
 5 APPPATH\Views\v_template_front_end.php(214): view('frontEnd/v_detail_jurusan')
 6 SYSTEMPATH\View\View.php(213): include('APPPATH\\Views\\v_template_front_end.php')
 7 SYSTEMPATH\View\View.php(216): CodeIgniter\View\View->CodeIgniter\View\{closure}()
 8 SYSTEMPATH\Common.php(1134): CodeIgniter\View\View->render('v_template_front_end', [], true)
 9 APPPATH\Controllers\Home.php(52): view('v_template_front_end', [...])
10 SYSTEMPATH\CodeIgniter.php(927): App\Controllers\Home->DetailJurusan('images', 'page-banner-6.jpg')
11 SYSTEMPATH\CodeIgniter.php(482): CodeIgniter\CodeIgniter->runController(Object(App\Controllers\Home))
12 SYSTEMPATH\CodeIgniter.php(351): CodeIgniter\CodeIgniter->handleRequest(null, Object(Config\Cache), false)
13 FCPATH\index.php(67): CodeIgniter\CodeIgniter->run()
CRITICAL - 2026-01-14 04:23:32 --> Trying to access array offset on value of type null
in APPPATH\Views\frontEnd\v_detail_jurusan.php on line 12.
 1 APPPATH\Views\frontEnd\v_detail_jurusan.php(12): CodeIgniter\Debug\Exceptions->errorHandler(2, 'Trying to access array offset on value of type null', 'APPPATH\\Views\\frontEnd\\v_detail_jurusan.php', 12)
 2 SYSTEMPATH\View\View.php(213): include('APPPATH\\Views\\frontEnd\\v_detail_jurusan.php')
 3 SYSTEMPATH\View\View.php(216): CodeIgniter\View\View->CodeIgniter\View\{closure}()
 4 SYSTEMPATH\Common.php(1134): CodeIgniter\View\View->render('frontEnd/v_detail_jurusan', [], true)
 5 APPPATH\Views\v_template_front_end.php(212): view('frontEnd/v_detail_jurusan')
 6 SYSTEMPATH\View\View.php(213): include('APPPATH\\Views\\v_template_front_end.php')
 7 SYSTEMPATH\View\View.php(216): CodeIgniter\View\View->CodeIgniter\View\{closure}()
 8 SYSTEMPATH\Common.php(1134): CodeIgniter\View\View->render('v_template_front_end', [], true)
 9 APPPATH\Controllers\Home.php(52): view('v_template_front_end', [...])
10 SYSTEMPATH\CodeIgniter.php(927): App\Controllers\Home->DetailJurusan('images', 'page-banner-6.jpg')
11 SYSTEMPATH\CodeIgniter.php(482): CodeIgniter\CodeIgniter->runController(Object(App\Controllers\Home))
12 SYSTEMPATH\CodeIgniter.php(351): CodeIgniter\CodeIgniter->handleRequest(null, Object(Config\Cache), false)
13 FCPATH\index.php(67): CodeIgniter\CodeIgniter->run()
CRITICAL - 2026-01-14 04:26:08 --> Trying to access array offset on value of type null
in APPPATH\Views\frontEnd\v_detail_jurusan.php on line 12.
 1 APPPATH\Views\frontEnd\v_detail_jurusan.php(12): CodeIgniter\Debug\Exceptions->errorHandler(2, 'Trying to access array offset on value of type null', 'APPPATH\\Views\\frontEnd\\v_detail_jurusan.php', 12)
 2 SYSTEMPATH\View\View.php(213): include('APPPATH\\Views\\frontEnd\\v_detail_jurusan.php')
 3 SYSTEMPATH\View\View.php(216): CodeIgniter\View\View->CodeIgniter\View\{closure}()
 4 SYSTEMPATH\Common.php(1134): CodeIgniter\View\View->render('frontEnd/v_detail_jurusan', [], true)
 5 APPPATH\Views\v_template_front_end.php(212): view('frontEnd/v_detail_jurusan')
 6 SYSTEMPATH\View\View.php(213): include('APPPATH\\Views\\v_template_front_end.php')
 7 SYSTEMPATH\View\View.php(216): CodeIgniter\View\View->CodeIgniter\View\{closure}()
 8 SYSTEMPATH\Common.php(1134): CodeIgniter\View\View->render('v_template_front_end', [], true)
 9 APPPATH\Controllers\Home.php(52): view('v_template_front_end', [...])
10 SYSTEMPATH\CodeIgniter.php(927): App\Controllers\Home->DetailJurusan('images', 'page-banner-6.jpg')
11 SYSTEMPATH\CodeIgniter.php(482): CodeIgniter\CodeIgniter->runController(Object(App\Controllers\Home))
12 SYSTEMPATH\CodeIgniter.php(351): CodeIgniter\CodeIgniter->handleRequest(null, Object(Config\Cache), false)
13 FCPATH\index.php(67): CodeIgniter\CodeIgniter->run()
CRITICAL - 2026-01-14 17:33:25 --> Undefined variable $jurusan
in APPPATH\Views\v_ruang.php on line 51.
 1 APPPATH\Views\v_ruang.php(51): CodeIgniter\Debug\Exceptions->errorHandler(2, 'Undefined variable $jurusan', 'APPPATH\\Views\\v_ruang.php', 51)
 2 SYSTEMPATH\View\View.php(213): include('APPPATH\\Views\\v_ruang.php')
 3 SYSTEMPATH\View\View.php(216): CodeIgniter\View\View->CodeIgniter\View\{closure}()
 4 SYSTEMPATH\Common.php(1134): CodeIgniter\View\View->render('v_ruang', [], true)
 5 APPPATH\Views\v_template_admin.php(199): view('v_ruang')
 6 SYSTEMPATH\View\View.php(213): include('APPPATH\\Views\\v_template_admin.php')
 7 SYSTEMPATH\View\View.php(216): CodeIgniter\View\View->CodeIgniter\View\{closure}()
 8 SYSTEMPATH\Common.php(1134): CodeIgniter\View\View->render('v_template_admin', [], true)
 9 APPPATH\Controllers\Ruang.php(31): view('v_template_admin', [...])
10 SYSTEMPATH\CodeIgniter.php(927): App\Controllers\Ruang->index()
11 SYSTEMPATH\CodeIgniter.php(482): CodeIgniter\CodeIgniter->runController(Object(App\Controllers\Ruang))
12 SYSTEMPATH\CodeIgniter.php(351): CodeIgniter\CodeIgniter->handleRequest(null, Object(Config\Cache), false)
13 FCPATH\index.php(67): CodeIgniter\CodeIgniter->run()
CRITICAL - 2026-01-14 17:34:40 --> Undefined variable $Ruang
in APPPATH\Views\v_ruang.php on line 51.
 1 APPPATH\Views\v_ruang.php(51): CodeIgniter\Debug\Exceptions->errorHandler(2, 'Undefined variable $Ruang', 'APPPATH\\Views\\v_ruang.php', 51)
 2 SYSTEMPATH\View\View.php(213): include('APPPATH\\Views\\v_ruang.php')
 3 SYSTEMPATH\View\View.php(216): CodeIgniter\View\View->CodeIgniter\View\{closure}()
 4 SYSTEMPATH\Common.php(1134): CodeIgniter\View\View->render('v_ruang', [], true)
 5 APPPATH\Views\v_template_admin.php(199): view('v_ruang')
 6 SYSTEMPATH\View\View.php(213): include('APPPATH\\Views\\v_template_admin.php')
 7 SYSTEMPATH\View\View.php(216): CodeIgniter\View\View->CodeIgniter\View\{closure}()
 8 SYSTEMPATH\Common.php(1134): CodeIgniter\View\View->render('v_template_admin', [], true)
 9 APPPATH\Controllers\Ruang.php(31): view('v_template_admin', [...])
10 SYSTEMPATH\CodeIgniter.php(927): App\Controllers\Ruang->index()
11 SYSTEMPATH\CodeIgniter.php(482): CodeIgniter\CodeIgniter->runController(Object(App\Controllers\Ruang))
12 SYSTEMPATH\CodeIgniter.php(351): CodeIgniter\CodeIgniter->handleRequest(null, Object(Config\Cache), false)
13 FCPATH\index.php(67): CodeIgniter\CodeIgniter->run()
CRITICAL - 2026-01-14 18:12:39 --> Undefined variable $d
in APPPATH\Views\v_ruang.php on line 59.
 1 APPPATH\Views\v_ruang.php(59): CodeIgniter\Debug\Exceptions->errorHandler(2, 'Undefined variable $d', 'APPPATH\\Views\\v_ruang.php', 59)
 2 SYSTEMPATH\View\View.php(213): include('APPPATH\\Views\\v_ruang.php')
 3 SYSTEMPATH\View\View.php(216): CodeIgniter\View\View->CodeIgniter\View\{closure}()
 4 SYSTEMPATH\Common.php(1134): CodeIgniter\View\View->render('v_ruang', [], true)
 5 APPPATH\Views\v_template_admin.php(199): view('v_ruang')
 6 SYSTEMPATH\View\View.php(213): include('APPPATH\\Views\\v_template_admin.php')
 7 SYSTEMPATH\View\View.php(216): CodeIgniter\View\View->CodeIgniter\View\{closure}()
 8 SYSTEMPATH\Common.php(1134): CodeIgniter\View\View->render('v_template_admin', [], true)
 9 APPPATH\Controllers\Ruang.php(31): view('v_template_admin', [...])
10 SYSTEMPATH\CodeIgniter.php(927): App\Controllers\Ruang->index()
11 SYSTEMPATH\CodeIgniter.php(482): CodeIgniter\CodeIgniter->runController(Object(App\Controllers\Ruang))
12 SYSTEMPATH\CodeIgniter.php(351): CodeIgniter\CodeIgniter->handleRequest(null, Object(Config\Cache), false)
13 FCPATH\index.php(67): CodeIgniter\CodeIgniter->run()
CRITICAL - 2026-01-14 18:14:22 --> Undefined variable $d
in APPPATH\Views\v_ruang.php on line 108.
 1 APPPATH\Views\v_ruang.php(108): CodeIgniter\Debug\Exceptions->errorHandler(2, 'Undefined variable $d', 'APPPATH\\Views\\v_ruang.php', 108)
 2 SYSTEMPATH\View\View.php(213): include('APPPATH\\Views\\v_ruang.php')
 3 SYSTEMPATH\View\View.php(216): CodeIgniter\View\View->CodeIgniter\View\{closure}()
 4 SYSTEMPATH\Common.php(1134): CodeIgniter\View\View->render('v_ruang', [], true)
 5 APPPATH\Views\v_template_admin.php(199): view('v_ruang')
 6 SYSTEMPATH\View\View.php(213): include('APPPATH\\Views\\v_template_admin.php')
 7 SYSTEMPATH\View\View.php(216): CodeIgniter\View\View->CodeIgniter\View\{closure}()
 8 SYSTEMPATH\Common.php(1134): CodeIgniter\View\View->render('v_template_admin', [], true)
 9 APPPATH\Controllers\Ruang.php(31): view('v_template_admin', [...])
10 SYSTEMPATH\CodeIgniter.php(927): App\Controllers\Ruang->index()
11 SYSTEMPATH\CodeIgniter.php(482): CodeIgniter\CodeIgniter->runController(Object(App\Controllers\Ruang))
12 SYSTEMPATH\CodeIgniter.php(351): CodeIgniter\CodeIgniter->handleRequest(null, Object(Config\Cache), false)
13 FCPATH\index.php(67): CodeIgniter\CodeIgniter->run()
CRITICAL - 2026-01-14 18:14:49 --> Undefined variable $d
in APPPATH\Views\v_ruang.php on line 59.
 1 APPPATH\Views\v_ruang.php(59): CodeIgniter\Debug\Exceptions->errorHandler(2, 'Undefined variable $d', 'APPPATH\\Views\\v_ruang.php', 59)
 2 SYSTEMPATH\View\View.php(213): include('APPPATH\\Views\\v_ruang.php')
 3 SYSTEMPATH\View\View.php(216): CodeIgniter\View\View->CodeIgniter\View\{closure}()
 4 SYSTEMPATH\Common.php(1134): CodeIgniter\View\View->render('v_ruang', [], true)
 5 APPPATH\Views\v_template_admin.php(199): view('v_ruang')
 6 SYSTEMPATH\View\View.php(213): include('APPPATH\\Views\\v_template_admin.php')
 7 SYSTEMPATH\View\View.php(216): CodeIgniter\View\View->CodeIgniter\View\{closure}()
 8 SYSTEMPATH\Common.php(1134): CodeIgniter\View\View->render('v_template_admin', [], true)
 9 APPPATH\Controllers\Ruang.php(31): view('v_template_admin', [...])
10 SYSTEMPATH\CodeIgniter.php(927): App\Controllers\Ruang->index()
11 SYSTEMPATH\CodeIgniter.php(482): CodeIgniter\CodeIgniter->runController(Object(App\Controllers\Ruang))
12 SYSTEMPATH\CodeIgniter.php(351): CodeIgniter\CodeIgniter->handleRequest(null, Object(Config\Cache), false)
13 FCPATH\index.php(67): CodeIgniter\CodeIgniter->run()
CRITICAL - 2026-01-14 18:16:12 --> Undefined variable $d
in APPPATH\Views\v_ruang.php on line 59.
 1 APPPATH\Views\v_ruang.php(59): CodeIgniter\Debug\Exceptions->errorHandler(2, 'Undefined variable $d', 'APPPATH\\Views\\v_ruang.php', 59)
 2 SYSTEMPATH\View\View.php(213): include('APPPATH\\Views\\v_ruang.php')
 3 SYSTEMPATH\View\View.php(216): CodeIgniter\View\View->CodeIgniter\View\{closure}()
 4 SYSTEMPATH\Common.php(1134): CodeIgniter\View\View->render('v_ruang', [], true)
 5 APPPATH\Views\v_template_admin.php(199): view('v_ruang')
 6 SYSTEMPATH\View\View.php(213): include('APPPATH\\Views\\v_template_admin.php')
 7 SYSTEMPATH\View\View.php(216): CodeIgniter\View\View->CodeIgniter\View\{closure}()
 8 SYSTEMPATH\Common.php(1134): CodeIgniter\View\View->render('v_template_admin', [], true)
 9 APPPATH\Controllers\Ruang.php(31): view('v_template_admin', [...])
10 SYSTEMPATH\CodeIgniter.php(927): App\Controllers\Ruang->index()
11 SYSTEMPATH\CodeIgniter.php(482): CodeIgniter\CodeIgniter->runController(Object(App\Controllers\Ruang))
12 SYSTEMPATH\CodeIgniter.php(351): CodeIgniter\CodeIgniter->handleRequest(null, Object(Config\Cache), false)
13 FCPATH\index.php(67): CodeIgniter\CodeIgniter->run()
CRITICAL - 2026-01-14 18:17:20 --> Undefined variable $d
in APPPATH\Views\v_ruang.php on line 59.
 1 APPPATH\Views\v_ruang.php(59): CodeIgniter\Debug\Exceptions->errorHandler(2, 'Undefined variable $d', 'APPPATH\\Views\\v_ruang.php', 59)
 2 SYSTEMPATH\View\View.php(213): include('APPPATH\\Views\\v_ruang.php')
 3 SYSTEMPATH\View\View.php(216): CodeIgniter\View\View->CodeIgniter\View\{closure}()
 4 SYSTEMPATH\Common.php(1134): CodeIgniter\View\View->render('v_ruang', [], true)
 5 APPPATH\Views\v_template_admin.php(199): view('v_ruang')
 6 SYSTEMPATH\View\View.php(213): include('APPPATH\\Views\\v_template_admin.php')
 7 SYSTEMPATH\View\View.php(216): CodeIgniter\View\View->CodeIgniter\View\{closure}()
 8 SYSTEMPATH\Common.php(1134): CodeIgniter\View\View->render('v_template_admin', [], true)
 9 APPPATH\Controllers\Ruang.php(31): view('v_template_admin', [...])
10 SYSTEMPATH\CodeIgniter.php(927): App\Controllers\Ruang->index()
11 SYSTEMPATH\CodeIgniter.php(482): CodeIgniter\CodeIgniter->runController(Object(App\Controllers\Ruang))
12 SYSTEMPATH\CodeIgniter.php(351): CodeIgniter\CodeIgniter->handleRequest(null, Object(Config\Cache), false)
13 FCPATH\index.php(67): CodeIgniter\CodeIgniter->run()
CRITICAL - 2026-01-14 18:29:28 --> Too few arguments to function App\Models\ModelRuang::UpdateData(), 1 passed in E:\laragon\www\siakad.inf25\app\Controllers\Ruang.php on line 56 and exactly 2 expected
in APPPATH\Models\ModelRuang.php on line 27.
 1 APPPATH\Controllers\Ruang.php(56): App\Models\ModelRuang->UpdateData([...])
 2 SYSTEMPATH\CodeIgniter.php(927): App\Controllers\Ruang->UpdateData('3')
 3 SYSTEMPATH\CodeIgniter.php(482): CodeIgniter\CodeIgniter->runController(Object(App\Controllers\Ruang))
 4 SYSTEMPATH\CodeIgniter.php(351): CodeIgniter\CodeIgniter->handleRequest(null, Object(Config\Cache), false)
 5 FCPATH\index.php(67): CodeIgniter\CodeIgniter->run()
CRITICAL - 2026-01-14 18:54:19 --> Too few arguments to function App\Models\ModelRuang::DeleteData(), 1 passed in E:\laragon\www\siakad.inf25\app\Controllers\Ruang.php on line 68 and exactly 2 expected
in APPPATH\Models\ModelRuang.php on line 35.
 1 APPPATH\Controllers\Ruang.php(68): App\Models\ModelRuang->DeleteData('4')
 2 SYSTEMPATH\CodeIgniter.php(927): App\Controllers\Ruang->DeleteData('4')
 3 SYSTEMPATH\CodeIgniter.php(482): CodeIgniter\CodeIgniter->runController(Object(App\Controllers\Ruang))
 4 SYSTEMPATH\CodeIgniter.php(351): CodeIgniter\CodeIgniter->handleRequest(null, Object(Config\Cache), false)
 5 FCPATH\index.php(67): CodeIgniter\CodeIgniter->run()
CRITICAL - 2026-01-14 18:55:19 --> syntax error, unexpected token ")", expecting variable or "{" or "$"
in APPPATH\Models\ModelRuang.php on line 39.
 1 SYSTEMPATH\Autoloader\Autoloader.php(259): CodeIgniter\Autoloader\Autoloader->includeFile('APPPATH\\Models\\ModelRuang.php')
 2 SYSTEMPATH\Autoloader\Autoloader.php(237): CodeIgniter\Autoloader\Autoloader->loadInNamespace('App\\Models\\ModelRuang')
 3 [internal function]: CodeIgniter\Autoloader\Autoloader->loadClass('App\\Models\\ModelRuang')
 4 SYSTEMPATH\Config\Factories.php(155): class_exists('App\\Models\\ModelRuang')
 5 SYSTEMPATH\Config\Factories.php(125): CodeIgniter\Config\Factories::locateClass([...], 'ModelRuang')
 6 SYSTEMPATH\Config\Factories.php(86): CodeIgniter\Config\Factories::__callStatic('models', [...])
 7 SYSTEMPATH\Common.php(809): CodeIgniter\Config\Factories::models('ModelRuang', [...], null)
 8 APPPATH\Controllers\Ruang.php(14): model('ModelRuang')
 9 SYSTEMPATH\CodeIgniter.php(889): App\Controllers\Ruang->__construct()
10 SYSTEMPATH\CodeIgniter.php(473): CodeIgniter\CodeIgniter->createController()
11 SYSTEMPATH\CodeIgniter.php(351): CodeIgniter\CodeIgniter->handleRequest(null, Object(Config\Cache), false)
12 FCPATH\index.php(67): CodeIgniter\CodeIgniter->run()
CRITICAL - 2026-01-14 18:55:20 --> syntax error, unexpected token ")", expecting variable or "{" or "$"
in APPPATH\Models\ModelRuang.php on line 39.
 1 SYSTEMPATH\Autoloader\Autoloader.php(259): CodeIgniter\Autoloader\Autoloader->includeFile('APPPATH\\Models\\ModelRuang.php')
 2 SYSTEMPATH\Autoloader\Autoloader.php(237): CodeIgniter\Autoloader\Autoloader->loadInNamespace('App\\Models\\ModelRuang')
 3 [internal function]: CodeIgniter\Autoloader\Autoloader->loadClass('App\\Models\\ModelRuang')
 4 SYSTEMPATH\Config\Factories.php(155): class_exists('App\\Models\\ModelRuang')
 5 SYSTEMPATH\Config\Factories.php(125): CodeIgniter\Config\Factories::locateClass([...], 'ModelRuang')
 6 SYSTEMPATH\Config\Factories.php(86): CodeIgniter\Config\Factories::__callStatic('models', [...])
 7 SYSTEMPATH\Common.php(809): CodeIgniter\Config\Factories::models('ModelRuang', [...], null)
 8 APPPATH\Controllers\Ruang.php(14): model('ModelRuang')
 9 SYSTEMPATH\CodeIgniter.php(889): App\Controllers\Ruang->__construct()
10 SYSTEMPATH\CodeIgniter.php(473): CodeIgniter\CodeIgniter->createController()
11 SYSTEMPATH\CodeIgniter.php(351): CodeIgniter\CodeIgniter->handleRequest(null, Object(Config\Cache), false)
12 FCPATH\index.php(67): CodeIgniter\CodeIgniter->run()
