CRITICAL - 2026-01-01 16:17:50 --> syntax error, unexpected token "class"
in APPPATH\Views\v_login.php on line 37.
 1 SYSTEMPATH\View\View.php(216): CodeIgniter\View\View->CodeIgniter\View\{closure}()
 2 SYSTEMPATH\Common.php(1134): CodeIgniter\View\View->render('v_login', [], true)
 3 APPPATH\Controllers\Auth.php(29): view('v_login', [...])
 4 SYSTEMPATH\CodeIgniter.php(927): App\Controllers\Auth->index()
 5 SYSTEMPATH\CodeIgniter.php(482): CodeIgniter\CodeIgniter->runController(Object(App\Controllers\Auth))
 6 SYSTEMPATH\CodeIgniter.php(351): CodeIgniter\CodeIgniter->handleRequest(null, Object(Config\Cache), false)
 7 FCPATH\index.php(67): CodeIgniter\CodeIgniter->run()
CRITICAL - 2026-01-01 16:18:08 --> syntax error, unexpected token "<"
in APPPATH\Views\v_login.php on line 37.
 1 SYSTEMPATH\View\View.php(216): CodeIgniter\View\View->CodeIgniter\View\{closure}()
 2 SYSTEMPATH\Common.php(1134): CodeIgniter\View\View->render('v_login', [], true)
 3 APPPATH\Controllers\Auth.php(29): view('v_login', [...])
 4 SYSTEMPATH\CodeIgniter.php(927): App\Controllers\Auth->index()
 5 SYSTEMPATH\CodeIgniter.php(482): CodeIgniter\CodeIgniter->runController(Object(App\Controllers\Auth))
 6 SYSTEMPATH\CodeIgniter.php(351): CodeIgniter\CodeIgniter->handleRequest(null, Object(Config\Cache), false)
 7 FCPATH\index.php(67): CodeIgniter\CodeIgniter->run()
CRITICAL - 2026-01-01 16:18:12 --> syntax error, unexpected token "<"
in APPPATH\Views\v_login.php on line 37.
 1 SYSTEMPATH\View\View.php(216): CodeIgniter\View\View->CodeIgniter\View\{closure}()
 2 SYSTEMPATH\Common.php(1134): CodeIgniter\View\View->render('v_login', [], true)
 3 APPPATH\Controllers\Auth.php(29): view('v_login', [...])
 4 SYSTEMPATH\CodeIgniter.php(927): App\Controllers\Auth->index()
 5 SYSTEMPATH\CodeIgniter.php(482): CodeIgniter\CodeIgniter->runController(Object(App\Controllers\Auth))
 6 SYSTEMPATH\CodeIgniter.php(351): CodeIgniter\CodeIgniter->handleRequest(null, Object(Config\Cache), false)
 7 FCPATH\index.php(67): CodeIgniter\CodeIgniter->run()
CRITICAL - 2026-01-01 16:18:13 --> syntax error, unexpected token "<"
in APPPATH\Views\v_login.php on line 37.
 1 SYSTEMPATH\View\View.php(216): CodeIgniter\View\View->CodeIgniter\View\{closure}()
 2 SYSTEMPATH\Common.php(1134): CodeIgniter\View\View->render('v_login', [], true)
 3 APPPATH\Controllers\Auth.php(29): view('v_login', [...])
 4 SYSTEMPATH\CodeIgniter.php(927): App\Controllers\Auth->index()
 5 SYSTEMPATH\CodeIgniter.php(482): CodeIgniter\CodeIgniter->runController(Object(App\Controllers\Auth))
 6 SYSTEMPATH\CodeIgniter.php(351): CodeIgniter\CodeIgniter->handleRequest(null, Object(Config\Cache), false)
 7 FCPATH\index.php(67): CodeIgniter\CodeIgniter->run()
CRITICAL - 2026-01-01 16:18:15 --> syntax error, unexpected token "<"
in APPPATH\Views\v_login.php on line 37.
 1 SYSTEMPATH\View\View.php(216): CodeIgniter\View\View->CodeIgniter\View\{closure}()
 2 SYSTEMPATH\Common.php(1134): CodeIgniter\View\View->render('v_login', [], true)
 3 APPPATH\Controllers\Auth.php(29): view('v_login', [...])
 4 SYSTEMPATH\CodeIgniter.php(927): App\Controllers\Auth->index()
 5 SYSTEMPATH\CodeIgniter.php(482): CodeIgniter\CodeIgniter->runController(Object(App\Controllers\Auth))
 6 SYSTEMPATH\CodeIgniter.php(351): CodeIgniter\CodeIgniter->handleRequest(null, Object(Config\Cache), false)
 7 FCPATH\index.php(67): CodeIgniter\CodeIgniter->run()
CRITICAL - 2026-01-01 16:18:42 --> syntax error, unexpected token "<"
in APPPATH\Views\v_login.php on line 37.
 1 SYSTEMPATH\View\View.php(216): CodeIgniter\View\View->CodeIgniter\View\{closure}()
 2 SYSTEMPATH\Common.php(1134): CodeIgniter\View\View->render('v_login', [], true)
 3 APPPATH\Controllers\Auth.php(29): view('v_login', [...])
 4 SYSTEMPATH\CodeIgniter.php(927): App\Controllers\Auth->index()
 5 SYSTEMPATH\CodeIgniter.php(482): CodeIgniter\CodeIgniter->runController(Object(App\Controllers\Auth))
 6 SYSTEMPATH\CodeIgniter.php(351): CodeIgniter\CodeIgniter->handleRequest(null, Object(Config\Cache), false)
 7 FCPATH\index.php(67): CodeIgniter\CodeIgniter->run()
CRITICAL - 2026-01-01 16:20:28 --> syntax error, unexpected token "<"
in APPPATH\Views\v_login.php on line 37.
 1 SYSTEMPATH\View\View.php(216): CodeIgniter\View\View->CodeIgniter\View\{closure}()
 2 SYSTEMPATH\Common.php(1134): CodeIgniter\View\View->render('v_login', [], true)
 3 APPPATH\Controllers\Auth.php(29): view('v_login', [...])
 4 SYSTEMPATH\CodeIgniter.php(927): App\Controllers\Auth->index()
 5 SYSTEMPATH\CodeIgniter.php(482): CodeIgniter\CodeIgniter->runController(Object(App\Controllers\Auth))
 6 SYSTEMPATH\CodeIgniter.php(351): CodeIgniter\CodeIgniter->handleRequest(null, Object(Config\Cache), false)
 7 FCPATH\index.php(67): CodeIgniter\CodeIgniter->run()
CRITICAL - 2026-01-01 16:26:43 --> Call to undefined function App\Controllers\shal()
in APPPATH\Controllers\Auth.php on line 59.
 1 SYSTEMPATH\CodeIgniter.php(927): App\Controllers\Auth->cekLogin()
 2 SYSTEMPATH\CodeIgniter.php(482): CodeIgniter\CodeIgniter->runController(Object(App\Controllers\Auth))
 3 SYSTEMPATH\CodeIgniter.php(351): CodeIgniter\CodeIgniter->handleRequest(null, Object(Config\Cache), false)
 4 FCPATH\index.php(67): CodeIgniter\CodeIgniter->run()
CRITICAL - 2026-01-01 16:26:59 --> Call to undefined function App\Controllers\shal()
in APPPATH\Controllers\Auth.php on line 59.
 1 SYSTEMPATH\CodeIgniter.php(927): App\Controllers\Auth->cekLogin()
 2 SYSTEMPATH\CodeIgniter.php(482): CodeIgniter\CodeIgniter->runController(Object(App\Controllers\Auth))
 3 SYSTEMPATH\CodeIgniter.php(351): CodeIgniter\CodeIgniter->handleRequest(null, Object(Config\Cache), false)
 4 FCPATH\index.php(67): CodeIgniter\CodeIgniter->run()
CRITICAL - 2026-01-01 16:27:06 --> Call to undefined function App\Controllers\shal()
in APPPATH\Controllers\Auth.php on line 59.
 1 SYSTEMPATH\CodeIgniter.php(927): App\Controllers\Auth->cekLogin()
 2 SYSTEMPATH\CodeIgniter.php(482): CodeIgniter\CodeIgniter->runController(Object(App\Controllers\Auth))
 3 SYSTEMPATH\CodeIgniter.php(351): CodeIgniter\CodeIgniter->handleRequest(null, Object(Config\Cache), false)
 4 FCPATH\index.php(67): CodeIgniter\CodeIgniter->run()
CRITICAL - 2026-01-01 16:41:14 --> You must set the database table to be used with your query.
in SYSTEMPATH\Database\BaseConnection.php on line 845.
 1 SYSTEMPATH\Model.php(587): CodeIgniter\Database\BaseConnection->table(null)
 2 SYSTEMPATH\Model.php(764): CodeIgniter\Model->builder()
 3 APPPATH\Controllers\Auth.php(45): CodeIgniter\Model->__call('LoginUser', [...])
 4 SYSTEMPATH\CodeIgniter.php(927): App\Controllers\Auth->cekLogin()
 5 SYSTEMPATH\CodeIgniter.php(482): CodeIgniter\CodeIgniter->runController(Object(App\Controllers\Auth))
 6 SYSTEMPATH\CodeIgniter.php(351): CodeIgniter\CodeIgniter->handleRequest(null, Object(Config\Cache), false)
 7 FCPATH\index.php(67): CodeIgniter\CodeIgniter->run()
CRITICAL - 2026-01-01 16:46:14 --> You must set the database table to be used with your query.
in SYSTEMPATH\Database\BaseConnection.php on line 845.
 1 SYSTEMPATH\Model.php(587): CodeIgniter\Database\BaseConnection->table(null)
 2 SYSTEMPATH\Model.php(764): CodeIgniter\Model->builder()
 3 APPPATH\Controllers\Auth.php(45): CodeIgniter\Model->__call('LoginUser', [...])
 4 SYSTEMPATH\CodeIgniter.php(927): App\Controllers\Auth->cekLogin()
 5 SYSTEMPATH\CodeIgniter.php(482): CodeIgniter\CodeIgniter->runController(Object(App\Controllers\Auth))
 6 SYSTEMPATH\CodeIgniter.php(351): CodeIgniter\CodeIgniter->handleRequest(null, Object(Config\Cache), false)
 7 FCPATH\index.php(67): CodeIgniter\CodeIgniter->run()
CRITICAL - 2026-01-01 16:46:20 --> You must set the database table to be used with your query.
in SYSTEMPATH\Database\BaseConnection.php on line 845.
 1 SYSTEMPATH\Model.php(587): CodeIgniter\Database\BaseConnection->table(null)
 2 SYSTEMPATH\Model.php(764): CodeIgniter\Model->builder()
 3 APPPATH\Controllers\Auth.php(45): CodeIgniter\Model->__call('LoginUser', [...])
 4 SYSTEMPATH\CodeIgniter.php(927): App\Controllers\Auth->cekLogin()
 5 SYSTEMPATH\CodeIgniter.php(482): CodeIgniter\CodeIgniter->runController(Object(App\Controllers\Auth))
 6 SYSTEMPATH\CodeIgniter.php(351): CodeIgniter\CodeIgniter->handleRequest(null, Object(Config\Cache), false)
 7 FCPATH\index.php(67): CodeIgniter\CodeIgniter->run()
CRITICAL - 2026-01-01 16:47:06 --> You must set the database table to be used with your query.
in SYSTEMPATH\Database\BaseConnection.php on line 845.
 1 SYSTEMPATH\Model.php(587): CodeIgniter\Database\BaseConnection->table(null)
 2 SYSTEMPATH\Model.php(764): CodeIgniter\Model->builder()
 3 APPPATH\Controllers\Auth.php(45): CodeIgniter\Model->__call('LoginUser', [...])
 4 SYSTEMPATH\CodeIgniter.php(927): App\Controllers\Auth->cekLogin()
 5 SYSTEMPATH\CodeIgniter.php(482): CodeIgniter\CodeIgniter->runController(Object(App\Controllers\Auth))
 6 SYSTEMPATH\CodeIgniter.php(351): CodeIgniter\CodeIgniter->handleRequest(null, Object(Config\Cache), false)
 7 FCPATH\index.php(67): CodeIgniter\CodeIgniter->run()
CRITICAL - 2026-01-01 16:48:10 --> You must set the database table to be used with your query.
in SYSTEMPATH\Database\BaseConnection.php on line 845.
 1 SYSTEMPATH\Model.php(587): CodeIgniter\Database\BaseConnection->table(null)
 2 SYSTEMPATH\Model.php(764): CodeIgniter\Model->builder()
 3 APPPATH\Controllers\Auth.php(45): CodeIgniter\Model->__call('LoginUser', [...])
 4 SYSTEMPATH\CodeIgniter.php(927): App\Controllers\Auth->cekLogin()
 5 SYSTEMPATH\CodeIgniter.php(482): CodeIgniter\CodeIgniter->runController(Object(App\Controllers\Auth))
 6 SYSTEMPATH\CodeIgniter.php(351): CodeIgniter\CodeIgniter->handleRequest(null, Object(Config\Cache), false)
 7 FCPATH\index.php(67): CodeIgniter\CodeIgniter->run()
CRITICAL - 2026-01-01 16:48:19 --> You must set the database table to be used with your query.
in SYSTEMPATH\Database\BaseConnection.php on line 845.
 1 SYSTEMPATH\Model.php(587): CodeIgniter\Database\BaseConnection->table(null)
 2 SYSTEMPATH\Model.php(764): CodeIgniter\Model->builder()
 3 APPPATH\Controllers\Auth.php(45): CodeIgniter\Model->__call('LoginUser', [...])
 4 SYSTEMPATH\CodeIgniter.php(927): App\Controllers\Auth->cekLogin()
 5 SYSTEMPATH\CodeIgniter.php(482): CodeIgniter\CodeIgniter->runController(Object(App\Controllers\Auth))
 6 SYSTEMPATH\CodeIgniter.php(351): CodeIgniter\CodeIgniter->handleRequest(null, Object(Config\Cache), false)
 7 FCPATH\index.php(67): CodeIgniter\CodeIgniter->run()
CRITICAL - 2026-01-01 16:50:56 --> You must set the database table to be used with your query.
in SYSTEMPATH\Database\BaseConnection.php on line 845.
 1 SYSTEMPATH\Model.php(587): CodeIgniter\Database\BaseConnection->table(null)
 2 SYSTEMPATH\Model.php(764): CodeIgniter\Model->builder()
 3 APPPATH\Controllers\Auth.php(45): CodeIgniter\Model->__call('LoginUser', [...])
 4 SYSTEMPATH\CodeIgniter.php(927): App\Controllers\Auth->cekLogin()
 5 SYSTEMPATH\CodeIgniter.php(482): CodeIgniter\CodeIgniter->runController(Object(App\Controllers\Auth))
 6 SYSTEMPATH\CodeIgniter.php(351): CodeIgniter\CodeIgniter->handleRequest(null, Object(Config\Cache), false)
 7 FCPATH\index.php(67): CodeIgniter\CodeIgniter->run()
CRITICAL - 2026-01-01 16:58:52 --> You must set the database table to be used with your query.
in SYSTEMPATH\Database\BaseConnection.php on line 845.
 1 SYSTEMPATH\Model.php(587): CodeIgniter\Database\BaseConnection->table(null)
 2 SYSTEMPATH\Model.php(764): CodeIgniter\Model->builder()
 3 APPPATH\Controllers\Auth.php(45): CodeIgniter\Model->__call('LoginUser', [...])
 4 SYSTEMPATH\CodeIgniter.php(927): App\Controllers\Auth->cekLogin()
 5 SYSTEMPATH\CodeIgniter.php(482): CodeIgniter\CodeIgniter->runController(Object(App\Controllers\Auth))
 6 SYSTEMPATH\CodeIgniter.php(351): CodeIgniter\CodeIgniter->handleRequest(null, Object(Config\Cache), false)
 7 FCPATH\index.php(67): CodeIgniter\CodeIgniter->run()
CRITICAL - 2026-01-01 17:03:02 --> Call to undefined method App\Models\ModelSekolah::DetailData
in SYSTEMPATH\Model.php on line 774.
 1 APPPATH\Controllers\Auth.php(26): CodeIgniter\Model->__call('DetailData', [])
 2 SYSTEMPATH\CodeIgniter.php(927): App\Controllers\Auth->index()
 3 SYSTEMPATH\CodeIgniter.php(482): CodeIgniter\CodeIgniter->runController(Object(App\Controllers\Auth))
 4 SYSTEMPATH\CodeIgniter.php(351): CodeIgniter\CodeIgniter->handleRequest(null, Object(Config\Cache), false)
 5 FCPATH\index.php(67): CodeIgniter\CodeIgniter->run()
CRITICAL - 2026-01-01 17:08:08 --> You must set the database table to be used with your query.
in SYSTEMPATH\Database\BaseConnection.php on line 845.
 1 SYSTEMPATH\Model.php(587): CodeIgniter\Database\BaseConnection->table(null)
 2 SYSTEMPATH\Model.php(764): CodeIgniter\Model->builder()
 3 APPPATH\Controllers\Auth.php(45): CodeIgniter\Model->__call('LoginUser', [...])
 4 SYSTEMPATH\CodeIgniter.php(927): App\Controllers\Auth->cekLogin()
 5 SYSTEMPATH\CodeIgniter.php(482): CodeIgniter\CodeIgniter->runController(Object(App\Controllers\Auth))
 6 SYSTEMPATH\CodeIgniter.php(351): CodeIgniter\CodeIgniter->handleRequest(null, Object(Config\Cache), false)
 7 FCPATH\index.php(67): CodeIgniter\CodeIgniter->run()
CRITICAL - 2026-01-01 17:11:00 --> You must set the database table to be used with your query.
in SYSTEMPATH\Database\BaseConnection.php on line 845.
 1 SYSTEMPATH\Model.php(587): CodeIgniter\Database\BaseConnection->table(null)
 2 SYSTEMPATH\Model.php(764): CodeIgniter\Model->builder()
 3 APPPATH\Controllers\Auth.php(45): CodeIgniter\Model->__call('LoginUser', [...])
 4 SYSTEMPATH\CodeIgniter.php(927): App\Controllers\Auth->cekLogin()
 5 SYSTEMPATH\CodeIgniter.php(482): CodeIgniter\CodeIgniter->runController(Object(App\Controllers\Auth))
 6 SYSTEMPATH\CodeIgniter.php(351): CodeIgniter\CodeIgniter->handleRequest(null, Object(Config\Cache), false)
 7 FCPATH\index.php(67): CodeIgniter\CodeIgniter->run()
CRITICAL - 2026-01-01 23:57:59 --> FilterAdmin filter must have a matching alias defined.
in SYSTEMPATH\Filters\Filters.php on line 493.
 1 SYSTEMPATH\Filters\Filters.php(493): CodeIgniter\Filters\Exceptions\FilterException::forNoAlias('FilterAdmin')
 2 SYSTEMPATH\Filters\Filters.php(243): CodeIgniter\Filters\Filters->processAliasesToClass('before')
 3 SYSTEMPATH\Filters\Filters.php(163): CodeIgniter\Filters\Filters->initialize('dashboardadmin')
 4 SYSTEMPATH\CodeIgniter.php(455): CodeIgniter\Filters\Filters->run('DashboardAdmin', 'before')
 5 SYSTEMPATH\CodeIgniter.php(351): CodeIgniter\CodeIgniter->handleRequest(null, Object(Config\Cache), false)
 6 FCPATH\index.php(67): CodeIgniter\CodeIgniter->run()
