CRITICAL - 2025-10-17 07:38:49 --> Invalid file: <!-- DEBUG-VIEW START 1 APPPATH\Views\v_dashboard_admin.php -->
<h1>Dashboard Admin</h1>
<!-- DEBUG-VIEW ENDED 1 APPPATH\Views\v_dashboard_admin.php -->

in SYSTEMPATH\Exceptions\FrameworkException.php on line 33.
 1 SYSTEMPATH\View\View.php(201): CodeIgniter\Exceptions\FrameworkException::forInvalidFile('<!-- DEBUG-VIEW START 1 APPPATH\\Views\\v_dashboard_admin.php -->
<h1>Dashboard Admin</h1>
<!-- DEBUG-VIEW ENDED 1 APPPATH\\Views\\v_dashboard_admin.php -->
')
 2 SYSTEMPATH\Common.php(1134): CodeIgniter\View\View->render('<!-- DEBUG-VIEW START 1 APPPATH\\Views\\v_dashboard_admin.php -->
<h1>Dashboard Admin</h1>
<!-- DEBUG-VIEW ENDED 1 APPPATH\\Views\\v_dashboard_admin.php -->
', [], true)
 3 APPPATH\Views\v_template_admin.php(168): view('<!-- DEBUG-VIEW START 1 APPPATH\\Views\\v_dashboard_admin.php -->
<h1>Dashboard Admin</h1>
<!-- DEBUG-VIEW ENDED 1 APPPATH\\Views\\v_dashboard_admin.php -->
')
 4 SYSTEMPATH\View\View.php(213): include('APPPATH\\Views\\v_template_admin.php')
 5 SYSTEMPATH\View\View.php(216): CodeIgniter\View\View->CodeIgniter\View\{closure}()
 6 SYSTEMPATH\Common.php(1134): CodeIgniter\View\View->render('v_template_admin', [], true)
 7 APPPATH\Controllers\DashboardAdmin.php(14): view('v_template_admin', [...])
 8 SYSTEMPATH\CodeIgniter.php(927): App\Controllers\DashboardAdmin->index()
 9 SYSTEMPATH\CodeIgniter.php(482): CodeIgniter\CodeIgniter->runController(Object(App\Controllers\DashboardAdmin))
10 SYSTEMPATH\CodeIgniter.php(351): CodeIgniter\CodeIgniter->handleRequest(null, Object(Config\Cache), false)
11 FCPATH\index.php(67): CodeIgniter\CodeIgniter->run()
CRITICAL - 2025-10-17 07:39:30 --> Invalid file: <!-- DEBUG-VIEW START 1 APPPATH\Views\v_dashboard_admin.php -->
<h1>Dashboard Admin</h1>
<!-- DEBUG-VIEW ENDED 1 APPPATH\Views\v_dashboard_admin.php -->

in SYSTEMPATH\Exceptions\FrameworkException.php on line 33.
 1 SYSTEMPATH\View\View.php(201): CodeIgniter\Exceptions\FrameworkException::forInvalidFile('<!-- DEBUG-VIEW START 1 APPPATH\\Views\\v_dashboard_admin.php -->
<h1>Dashboard Admin</h1>
<!-- DEBUG-VIEW ENDED 1 APPPATH\\Views\\v_dashboard_admin.php -->
')
 2 SYSTEMPATH\Common.php(1134): CodeIgniter\View\View->render('<!-- DEBUG-VIEW START 1 APPPATH\\Views\\v_dashboard_admin.php -->
<h1>Dashboard Admin</h1>
<!-- DEBUG-VIEW ENDED 1 APPPATH\\Views\\v_dashboard_admin.php -->
', [], true)
 3 APPPATH\Views\v_template_admin.php(168): view('<!-- DEBUG-VIEW START 1 APPPATH\\Views\\v_dashboard_admin.php -->
<h1>Dashboard Admin</h1>
<!-- DEBUG-VIEW ENDED 1 APPPATH\\Views\\v_dashboard_admin.php -->
')
 4 SYSTEMPATH\View\View.php(213): include('APPPATH\\Views\\v_template_admin.php')
 5 SYSTEMPATH\View\View.php(216): CodeIgniter\View\View->CodeIgniter\View\{closure}()
 6 SYSTEMPATH\Common.php(1134): CodeIgniter\View\View->render('v_template_admin', [], true)
 7 APPPATH\Controllers\DashboardAdmin.php(14): view('v_template_admin', [...])
 8 SYSTEMPATH\CodeIgniter.php(927): App\Controllers\DashboardAdmin->index()
 9 SYSTEMPATH\CodeIgniter.php(482): CodeIgniter\CodeIgniter->runController(Object(App\Controllers\DashboardAdmin))
10 SYSTEMPATH\CodeIgniter.php(351): CodeIgniter\CodeIgniter->handleRequest(null, Object(Config\Cache), false)
11 FCPATH\index.php(67): CodeIgniter\CodeIgniter->run()
CRITICAL - 2025-10-17 07:41:52 --> syntax error, unexpected token "&"
in APPPATH\Views\v_template_admin.php on line 149.
 1 SYSTEMPATH\View\View.php(216): CodeIgniter\View\View->CodeIgniter\View\{closure}()
 2 SYSTEMPATH\Common.php(1134): CodeIgniter\View\View->render('v_template_admin', [], true)
 3 APPPATH\Controllers\DashboardAdmin.php(14): view('v_template_admin', [...])
 4 SYSTEMPATH\CodeIgniter.php(927): App\Controllers\DashboardAdmin->index()
 5 SYSTEMPATH\CodeIgniter.php(482): CodeIgniter\CodeIgniter->runController(Object(App\Controllers\DashboardAdmin))
 6 SYSTEMPATH\CodeIgniter.php(351): CodeIgniter\CodeIgniter->handleRequest(null, Object(Config\Cache), false)
 7 FCPATH\index.php(67): CodeIgniter\CodeIgniter->run()
CRITICAL - 2025-10-17 07:44:02 --> Undefined variable $subjudul
in APPPATH\Views\v_template_admin.php on line 154.
 1 APPPATH\Views\v_template_admin.php(154): CodeIgniter\Debug\Exceptions->errorHandler(2, 'Undefined variable $subjudul', 'APPPATH\\Views\\v_template_admin.php', 154)
 2 SYSTEMPATH\View\View.php(213): include('APPPATH\\Views\\v_template_admin.php')
 3 SYSTEMPATH\View\View.php(216): CodeIgniter\View\View->CodeIgniter\View\{closure}()
 4 SYSTEMPATH\Common.php(1134): CodeIgniter\View\View->render('v_template_admin', [], true)
 5 APPPATH\Controllers\DashboardAdmin.php(14): view('v_template_admin', [...])
 6 SYSTEMPATH\CodeIgniter.php(927): App\Controllers\DashboardAdmin->index()
 7 SYSTEMPATH\CodeIgniter.php(482): CodeIgniter\CodeIgniter->runController(Object(App\Controllers\DashboardAdmin))
 8 SYSTEMPATH\CodeIgniter.php(351): CodeIgniter\CodeIgniter->handleRequest(null, Object(Config\Cache), false)
 9 FCPATH\index.php(67): CodeIgniter\CodeIgniter->run()
