CRITICAL - 2026-01-12 08:50:09 --> Undefined variable $fakultas
in APPPATH\Views\jurusan\v_input.php on line 52.
 1 APPPATH\Views\jurusan\v_input.php(52): CodeIgniter\Debug\Exceptions->errorHandler(2, 'Undefined variable $fakultas', 'APPPATH\\Views\\jurusan\\v_input.php', 52)
 2 SYSTEMPATH\View\View.php(213): include('APPPATH\\Views\\jurusan\\v_input.php')
 3 SYSTEMPATH\View\View.php(216): CodeIgniter\View\View->CodeIgniter\View\{closure}()
 4 SYSTEMPATH\Common.php(1134): CodeIgniter\View\View->render('jurusan/v_input', [], true)
 5 APPPATH\Views\v_template_admin.php(192): view('jurusan/v_input')
 6 SYSTEMPATH\View\View.php(213): include('APPPATH\\Views\\v_template_admin.php')
 7 SYSTEMPATH\View\View.php(216): CodeIgniter\View\View->CodeIgniter\View\{closure}()
 8 SYSTEMPATH\Common.php(1134): CodeIgniter\View\View->render('v_template_admin', [], true)
 9 APPPATH\Controllers\Jurusan.php(45): view('v_template_admin', [...])
10 SYSTEMPATH\CodeIgniter.php(927): App\Controllers\Jurusan->input()
11 SYSTEMPATH\CodeIgniter.php(482): CodeIgniter\CodeIgniter->runController(Object(App\Controllers\Jurusan))
12 SYSTEMPATH\CodeIgniter.php(351): CodeIgniter\CodeIgniter->handleRequest(null, Object(Config\Cache), false)
13 FCPATH\index.php(67): CodeIgniter\CodeIgniter->run()
CRITICAL - 2026-01-12 08:54:34 --> Undefined variable $fakultas
in APPPATH\Views\jurusan\v_input.php on line 52.
 1 APPPATH\Views\jurusan\v_input.php(52): CodeIgniter\Debug\Exceptions->errorHandler(2, 'Undefined variable $fakultas', 'APPPATH\\Views\\jurusan\\v_input.php', 52)
 2 SYSTEMPATH\View\View.php(213): include('APPPATH\\Views\\jurusan\\v_input.php')
 3 SYSTEMPATH\View\View.php(216): CodeIgniter\View\View->CodeIgniter\View\{closure}()
 4 SYSTEMPATH\Common.php(1134): CodeIgniter\View\View->render('jurusan/v_input', [], true)
 5 APPPATH\Views\v_template_admin.php(192): view('jurusan/v_input')
 6 SYSTEMPATH\View\View.php(213): include('APPPATH\\Views\\v_template_admin.php')
 7 SYSTEMPATH\View\View.php(216): CodeIgniter\View\View->CodeIgniter\View\{closure}()
 8 SYSTEMPATH\Common.php(1134): CodeIgniter\View\View->render('v_template_admin', [], true)
 9 APPPATH\Controllers\Jurusan.php(45): view('v_template_admin', [...])
10 SYSTEMPATH\CodeIgniter.php(927): App\Controllers\Jurusan->input()
11 SYSTEMPATH\CodeIgniter.php(482): CodeIgniter\CodeIgniter->runController(Object(App\Controllers\Jurusan))
12 SYSTEMPATH\CodeIgniter.php(351): CodeIgniter\CodeIgniter->handleRequest(null, Object(Config\Cache), false)
13 FCPATH\index.php(67): CodeIgniter\CodeIgniter->run()
CRITICAL - 2026-01-12 08:57:20 --> Undefined variable $fakultas
in APPPATH\Views\jurusan\v_input.php on line 52.
 1 APPPATH\Views\jurusan\v_input.php(52): CodeIgniter\Debug\Exceptions->errorHandler(2, 'Undefined variable $fakultas', 'APPPATH\\Views\\jurusan\\v_input.php', 52)
 2 SYSTEMPATH\View\View.php(213): include('APPPATH\\Views\\jurusan\\v_input.php')
 3 SYSTEMPATH\View\View.php(216): CodeIgniter\View\View->CodeIgniter\View\{closure}()
 4 SYSTEMPATH\Common.php(1134): CodeIgniter\View\View->render('jurusan/v_input', [], true)
 5 APPPATH\Views\v_template_admin.php(192): view('jurusan/v_input')
 6 SYSTEMPATH\View\View.php(213): include('APPPATH\\Views\\v_template_admin.php')
 7 SYSTEMPATH\View\View.php(216): CodeIgniter\View\View->CodeIgniter\View\{closure}()
 8 SYSTEMPATH\Common.php(1134): CodeIgniter\View\View->render('v_template_admin', [], true)
 9 APPPATH\Controllers\Jurusan.php(45): view('v_template_admin', [...])
10 SYSTEMPATH\CodeIgniter.php(927): App\Controllers\Jurusan->input()
11 SYSTEMPATH\CodeIgniter.php(482): CodeIgniter\CodeIgniter->runController(Object(App\Controllers\Jurusan))
12 SYSTEMPATH\CodeIgniter.php(351): CodeIgniter\CodeIgniter->handleRequest(null, Object(Config\Cache), false)
13 FCPATH\index.php(67): CodeIgniter\CodeIgniter->run()
CRITICAL - 2026-01-12 08:59:39 --> Undefined variable $fakultas
in APPPATH\Views\jurusan\v_input.php on line 23.
 1 APPPATH\Views\jurusan\v_input.php(23): CodeIgniter\Debug\Exceptions->errorHandler(2, 'Undefined variable $fakultas', 'APPPATH\\Views\\jurusan\\v_input.php', 23)
 2 SYSTEMPATH\View\View.php(213): include('APPPATH\\Views\\jurusan\\v_input.php')
 3 SYSTEMPATH\View\View.php(216): CodeIgniter\View\View->CodeIgniter\View\{closure}()
 4 SYSTEMPATH\Common.php(1134): CodeIgniter\View\View->render('jurusan/v_input', [], true)
 5 APPPATH\Views\v_template_admin.php(192): view('jurusan/v_input')
 6 SYSTEMPATH\View\View.php(213): include('APPPATH\\Views\\v_template_admin.php')
 7 SYSTEMPATH\View\View.php(216): CodeIgniter\View\View->CodeIgniter\View\{closure}()
 8 SYSTEMPATH\Common.php(1134): CodeIgniter\View\View->render('v_template_admin', [], true)
 9 APPPATH\Controllers\Jurusan.php(45): view('v_template_admin', [...])
10 SYSTEMPATH\CodeIgniter.php(927): App\Controllers\Jurusan->input()
11 SYSTEMPATH\CodeIgniter.php(482): CodeIgniter\CodeIgniter->runController(Object(App\Controllers\Jurusan))
12 SYSTEMPATH\CodeIgniter.php(351): CodeIgniter\CodeIgniter->handleRequest(null, Object(Config\Cache), false)
13 FCPATH\index.php(67): CodeIgniter\CodeIgniter->run()
CRITICAL - 2026-01-12 09:03:45 --> Undefined variable $fakultas
in APPPATH\Views\jurusan\v_input.php on line 27.
 1 APPPATH\Views\jurusan\v_input.php(27): CodeIgniter\Debug\Exceptions->errorHandler(2, 'Undefined variable $fakultas', 'APPPATH\\Views\\jurusan\\v_input.php', 27)
 2 SYSTEMPATH\View\View.php(213): include('APPPATH\\Views\\jurusan\\v_input.php')
 3 SYSTEMPATH\View\View.php(216): CodeIgniter\View\View->CodeIgniter\View\{closure}()
 4 SYSTEMPATH\Common.php(1134): CodeIgniter\View\View->render('jurusan/v_input', [], true)
 5 APPPATH\Views\v_template_admin.php(192): view('jurusan/v_input')
 6 SYSTEMPATH\View\View.php(213): include('APPPATH\\Views\\v_template_admin.php')
 7 SYSTEMPATH\View\View.php(216): CodeIgniter\View\View->CodeIgniter\View\{closure}()
 8 SYSTEMPATH\Common.php(1134): CodeIgniter\View\View->render('v_template_admin', [], true)
 9 APPPATH\Controllers\Jurusan.php(45): view('v_template_admin', [...])
10 SYSTEMPATH\CodeIgniter.php(927): App\Controllers\Jurusan->input()
11 SYSTEMPATH\CodeIgniter.php(482): CodeIgniter\CodeIgniter->runController(Object(App\Controllers\Jurusan))
12 SYSTEMPATH\CodeIgniter.php(351): CodeIgniter\CodeIgniter->handleRequest(null, Object(Config\Cache), false)
13 FCPATH\index.php(67): CodeIgniter\CodeIgniter->run()
CRITICAL - 2026-01-12 09:05:14 --> Undefined variable $fakultas
in APPPATH\Views\jurusan\v_input.php on line 27.
 1 APPPATH\Views\jurusan\v_input.php(27): CodeIgniter\Debug\Exceptions->errorHandler(2, 'Undefined variable $fakultas', 'APPPATH\\Views\\jurusan\\v_input.php', 27)
 2 SYSTEMPATH\View\View.php(213): include('APPPATH\\Views\\jurusan\\v_input.php')
 3 SYSTEMPATH\View\View.php(216): CodeIgniter\View\View->CodeIgniter\View\{closure}()
 4 SYSTEMPATH\Common.php(1134): CodeIgniter\View\View->render('jurusan/v_input', [], true)
 5 APPPATH\Views\v_template_admin.php(192): view('jurusan/v_input')
 6 SYSTEMPATH\View\View.php(213): include('APPPATH\\Views\\v_template_admin.php')
 7 SYSTEMPATH\View\View.php(216): CodeIgniter\View\View->CodeIgniter\View\{closure}()
 8 SYSTEMPATH\Common.php(1134): CodeIgniter\View\View->render('v_template_admin', [], true)
 9 APPPATH\Controllers\Jurusan.php(45): view('v_template_admin', [...])
10 SYSTEMPATH\CodeIgniter.php(927): App\Controllers\Jurusan->input()
11 SYSTEMPATH\CodeIgniter.php(482): CodeIgniter\CodeIgniter->runController(Object(App\Controllers\Jurusan))
12 SYSTEMPATH\CodeIgniter.php(351): CodeIgniter\CodeIgniter->handleRequest(null, Object(Config\Cache), false)
13 FCPATH\index.php(67): CodeIgniter\CodeIgniter->run()
CRITICAL - 2026-01-12 09:08:23 --> Undefined property: App\Controllers\Jurusan::$ModelFakultas
in APPPATH\Controllers\Jurusan.php on line 45.
 1 APPPATH\Controllers\Jurusan.php(45): CodeIgniter\Debug\Exceptions->errorHandler(2, 'Undefined property: App\\Controllers\\Jurusan::$ModelFakultas', 'APPPATH\\Controllers\\Jurusan.php', 45)
 2 SYSTEMPATH\CodeIgniter.php(927): App\Controllers\Jurusan->input()
 3 SYSTEMPATH\CodeIgniter.php(482): CodeIgniter\CodeIgniter->runController(Object(App\Controllers\Jurusan))
 4 SYSTEMPATH\CodeIgniter.php(351): CodeIgniter\CodeIgniter->handleRequest(null, Object(Config\Cache), false)
 5 FCPATH\index.php(67): CodeIgniter\CodeIgniter->run()
CRITICAL - 2026-01-12 09:08:39 --> Undefined property: App\Controllers\Jurusan::$modelFakultas
in APPPATH\Controllers\Jurusan.php on line 45.
 1 APPPATH\Controllers\Jurusan.php(45): CodeIgniter\Debug\Exceptions->errorHandler(2, 'Undefined property: App\\Controllers\\Jurusan::$modelFakultas', 'APPPATH\\Controllers\\Jurusan.php', 45)
 2 SYSTEMPATH\CodeIgniter.php(927): App\Controllers\Jurusan->input()
 3 SYSTEMPATH\CodeIgniter.php(482): CodeIgniter\CodeIgniter->runController(Object(App\Controllers\Jurusan))
 4 SYSTEMPATH\CodeIgniter.php(351): CodeIgniter\CodeIgniter->handleRequest(null, Object(Config\Cache), false)
 5 FCPATH\index.php(67): CodeIgniter\CodeIgniter->run()
CRITICAL - 2026-01-12 09:09:09 --> Call to undefined method App\Models\ModelFakultas::AllData
in SYSTEMPATH\Model.php on line 774.
 1 APPPATH\Controllers\Jurusan.php(45): CodeIgniter\Model->__call('AllData', [])
 2 SYSTEMPATH\CodeIgniter.php(927): App\Controllers\Jurusan->input()
 3 SYSTEMPATH\CodeIgniter.php(482): CodeIgniter\CodeIgniter->runController(Object(App\Controllers\Jurusan))
 4 SYSTEMPATH\CodeIgniter.php(351): CodeIgniter\CodeIgniter->handleRequest(null, Object(Config\Cache), false)
 5 FCPATH\index.php(67): CodeIgniter\CodeIgniter->run()
