ERROR - 2026-01-15 01:49:21 --> mysqli_sql_exception: Table 'db-siakad-ci4.tbl_matkul' doesn't exist in E:\laragon\www\siakad.inf25\system\Database\MySQLi\Connection.php:292
Stack trace:
#0 E:\laragon\www\siakad.inf25\system\Database\MySQLi\Connection.php(292): mysqli->query('SELECT *\nFROM `...', 0)
#1 E:\laragon\www\siakad.inf25\system\Database\BaseConnection.php(666): CodeIgniter\Database\MySQLi\Connection->execute('SELECT *\nFROM `...')
#2 E:\laragon\www\siakad.inf25\system\Database\BaseConnection.php(593): CodeIgniter\Database\BaseConnection->simpleQuery('SELECT *\nFROM `...')
#3 E:\laragon\www\siakad.inf25\system\Database\BaseBuilder.php(1585): CodeIgniter\Database\BaseConnection->query('SELECT *\nFROM `...', Array, false)
#4 E:\laragon\www\siakad.inf25\app\Models\ModelMatkul.php(12): CodeIgniter\Database\BaseBuilder->get()
#5 E:\laragon\www\siakad.inf25\app\Controllers\Matkul.php(27): App\Models\ModelMatkul->AllData()
#6 E:\laragon\www\siakad.inf25\system\CodeIgniter.php(927): App\Controllers\Matkul->index()
#7 E:\laragon\www\siakad.inf25\system\CodeIgniter.php(482): CodeIgniter\CodeIgniter->runController(Object(App\Controllers\Matkul))
#8 E:\laragon\www\siakad.inf25\system\CodeIgniter.php(351): CodeIgniter\CodeIgniter->handleRequest(NULL, Object(Config\Cache), false)
#9 E:\laragon\www\siakad.inf25\public\index.php(67): CodeIgniter\CodeIgniter->run()
#10 {main}
CRITICAL - 2026-01-15 01:49:21 --> Table 'db-siakad-ci4.tbl_matkul' doesn't exist
in SYSTEMPATH\Database\MySQLi\Connection.php on line 292.
 1 SYSTEMPATH\Database\MySQLi\Connection.php(292): mysqli->query('SELECT *
FROM `tbl_matkul`', 0)
 2 SYSTEMPATH\Database\BaseConnection.php(666): CodeIgniter\Database\MySQLi\Connection->execute('SELECT *
FROM `tbl_matkul`')
 3 SYSTEMPATH\Database\BaseConnection.php(593): CodeIgniter\Database\BaseConnection->simpleQuery('SELECT *
FROM `tbl_matkul`')
 4 SYSTEMPATH\Database\BaseBuilder.php(1585): CodeIgniter\Database\BaseConnection->query('SELECT *
FROM `tbl_matkul`', [], false)
 5 APPPATH\Models\ModelMatkul.php(12): CodeIgniter\Database\BaseBuilder->get()
 6 APPPATH\Controllers\Matkul.php(27): App\Models\ModelMatkul->AllData()
 7 SYSTEMPATH\CodeIgniter.php(927): App\Controllers\Matkul->index()
 8 SYSTEMPATH\CodeIgniter.php(482): CodeIgniter\CodeIgniter->runController(Object(App\Controllers\Matkul))
 9 SYSTEMPATH\CodeIgniter.php(351): CodeIgniter\CodeIgniter->handleRequest(null, Object(Config\Cache), false)
10 FCPATH\index.php(67): CodeIgniter\CodeIgniter->run()
ERROR - 2026-01-15 01:50:04 --> mysqli_sql_exception: Table 'db-siakad-ci4.tbl_matkul' doesn't exist in E:\laragon\www\siakad.inf25\system\Database\MySQLi\Connection.php:292
Stack trace:
#0 E:\laragon\www\siakad.inf25\system\Database\MySQLi\Connection.php(292): mysqli->query('SELECT *\nFROM `...', 0)
#1 E:\laragon\www\siakad.inf25\system\Database\BaseConnection.php(666): CodeIgniter\Database\MySQLi\Connection->execute('SELECT *\nFROM `...')
#2 E:\laragon\www\siakad.inf25\system\Database\BaseConnection.php(593): CodeIgniter\Database\BaseConnection->simpleQuery('SELECT *\nFROM `...')
#3 E:\laragon\www\siakad.inf25\system\Database\BaseBuilder.php(1585): CodeIgniter\Database\BaseConnection->query('SELECT *\nFROM `...', Array, false)
#4 E:\laragon\www\siakad.inf25\app\Models\ModelMatkul.php(12): CodeIgniter\Database\BaseBuilder->get()
#5 E:\laragon\www\siakad.inf25\app\Controllers\Matkul.php(27): App\Models\ModelMatkul->AllData()
#6 E:\laragon\www\siakad.inf25\system\CodeIgniter.php(927): App\Controllers\Matkul->index()
#7 E:\laragon\www\siakad.inf25\system\CodeIgniter.php(482): CodeIgniter\CodeIgniter->runController(Object(App\Controllers\Matkul))
#8 E:\laragon\www\siakad.inf25\system\CodeIgniter.php(351): CodeIgniter\CodeIgniter->handleRequest(NULL, Object(Config\Cache), false)
#9 E:\laragon\www\siakad.inf25\public\index.php(67): CodeIgniter\CodeIgniter->run()
#10 {main}
CRITICAL - 2026-01-15 01:50:04 --> Table 'db-siakad-ci4.tbl_matkul' doesn't exist
in SYSTEMPATH\Database\MySQLi\Connection.php on line 292.
 1 SYSTEMPATH\Database\MySQLi\Connection.php(292): mysqli->query('SELECT *
FROM `tbl_matkul`', 0)
 2 SYSTEMPATH\Database\BaseConnection.php(666): CodeIgniter\Database\MySQLi\Connection->execute('SELECT *
FROM `tbl_matkul`')
 3 SYSTEMPATH\Database\BaseConnection.php(593): CodeIgniter\Database\BaseConnection->simpleQuery('SELECT *
FROM `tbl_matkul`')
 4 SYSTEMPATH\Database\BaseBuilder.php(1585): CodeIgniter\Database\BaseConnection->query('SELECT *
FROM `tbl_matkul`', [], false)
 5 APPPATH\Models\ModelMatkul.php(12): CodeIgniter\Database\BaseBuilder->get()
 6 APPPATH\Controllers\Matkul.php(27): App\Models\ModelMatkul->AllData()
 7 SYSTEMPATH\CodeIgniter.php(927): App\Controllers\Matkul->index()
 8 SYSTEMPATH\CodeIgniter.php(482): CodeIgniter\CodeIgniter->runController(Object(App\Controllers\Matkul))
 9 SYSTEMPATH\CodeIgniter.php(351): CodeIgniter\CodeIgniter->handleRequest(null, Object(Config\Cache), false)
10 FCPATH\index.php(67): CodeIgniter\CodeIgniter->run()
ERROR - 2026-01-15 01:51:58 --> mysqli_sql_exception: Table 'db-siakad-ci4.tbl_matkul' doesn't exist in E:\laragon\www\siakad.inf25\system\Database\MySQLi\Connection.php:292
Stack trace:
#0 E:\laragon\www\siakad.inf25\system\Database\MySQLi\Connection.php(292): mysqli->query('SELECT *\nFROM `...', 0)
#1 E:\laragon\www\siakad.inf25\system\Database\BaseConnection.php(666): CodeIgniter\Database\MySQLi\Connection->execute('SELECT *\nFROM `...')
#2 E:\laragon\www\siakad.inf25\system\Database\BaseConnection.php(593): CodeIgniter\Database\BaseConnection->simpleQuery('SELECT *\nFROM `...')
#3 E:\laragon\www\siakad.inf25\system\Database\BaseBuilder.php(1585): CodeIgniter\Database\BaseConnection->query('SELECT *\nFROM `...', Array, false)
#4 E:\laragon\www\siakad.inf25\app\Models\ModelMatkul.php(12): CodeIgniter\Database\BaseBuilder->get()
#5 E:\laragon\www\siakad.inf25\app\Controllers\Matkul.php(27): App\Models\ModelMatkul->AllData()
#6 E:\laragon\www\siakad.inf25\system\CodeIgniter.php(927): App\Controllers\Matkul->index()
#7 E:\laragon\www\siakad.inf25\system\CodeIgniter.php(482): CodeIgniter\CodeIgniter->runController(Object(App\Controllers\Matkul))
#8 E:\laragon\www\siakad.inf25\system\CodeIgniter.php(351): CodeIgniter\CodeIgniter->handleRequest(NULL, Object(Config\Cache), false)
#9 E:\laragon\www\siakad.inf25\public\index.php(67): CodeIgniter\CodeIgniter->run()
#10 {main}
CRITICAL - 2026-01-15 01:51:58 --> Table 'db-siakad-ci4.tbl_matkul' doesn't exist
in SYSTEMPATH\Database\MySQLi\Connection.php on line 292.
 1 SYSTEMPATH\Database\MySQLi\Connection.php(292): mysqli->query('SELECT *
FROM `tbl_matkul`', 0)
 2 SYSTEMPATH\Database\BaseConnection.php(666): CodeIgniter\Database\MySQLi\Connection->execute('SELECT *
FROM `tbl_matkul`')
 3 SYSTEMPATH\Database\BaseConnection.php(593): CodeIgniter\Database\BaseConnection->simpleQuery('SELECT *
FROM `tbl_matkul`')
 4 SYSTEMPATH\Database\BaseBuilder.php(1585): CodeIgniter\Database\BaseConnection->query('SELECT *
FROM `tbl_matkul`', [], false)
 5 APPPATH\Models\ModelMatkul.php(12): CodeIgniter\Database\BaseBuilder->get()
 6 APPPATH\Controllers\Matkul.php(27): App\Models\ModelMatkul->AllData()
 7 SYSTEMPATH\CodeIgniter.php(927): App\Controllers\Matkul->index()
 8 SYSTEMPATH\CodeIgniter.php(482): CodeIgniter\CodeIgniter->runController(Object(App\Controllers\Matkul))
 9 SYSTEMPATH\CodeIgniter.php(351): CodeIgniter\CodeIgniter->handleRequest(null, Object(Config\Cache), false)
10 FCPATH\index.php(67): CodeIgniter\CodeIgniter->run()
CRITICAL - 2026-01-15 01:53:22 --> Undefined array key "kode_matkul"
in APPPATH\Views\v_matkul.php on line 54.
 1 APPPATH\Views\v_matkul.php(54): CodeIgniter\Debug\Exceptions->errorHandler(2, 'Undefined array key "kode_matkul"', 'APPPATH\\Views\\v_matkul.php', 54)
 2 SYSTEMPATH\View\View.php(213): include('APPPATH\\Views\\v_matkul.php')
 3 SYSTEMPATH\View\View.php(216): CodeIgniter\View\View->CodeIgniter\View\{closure}()
 4 SYSTEMPATH\Common.php(1134): CodeIgniter\View\View->render('v_matkul', [], true)
 5 APPPATH\Views\v_template_admin.php(205): view('v_matkul')
 6 SYSTEMPATH\View\View.php(213): include('APPPATH\\Views\\v_template_admin.php')
 7 SYSTEMPATH\View\View.php(216): CodeIgniter\View\View->CodeIgniter\View\{closure}()
 8 SYSTEMPATH\Common.php(1134): CodeIgniter\View\View->render('v_template_admin', [], true)
 9 APPPATH\Controllers\Matkul.php(30): view('v_template_admin', [...])
10 SYSTEMPATH\CodeIgniter.php(927): App\Controllers\Matkul->index()
11 SYSTEMPATH\CodeIgniter.php(482): CodeIgniter\CodeIgniter->runController(Object(App\Controllers\Matkul))
12 SYSTEMPATH\CodeIgniter.php(351): CodeIgniter\CodeIgniter->handleRequest(null, Object(Config\Cache), false)
13 FCPATH\index.php(67): CodeIgniter\CodeIgniter->run()
CRITICAL - 2026-01-15 02:03:45 --> Undefined variable $ruang
in APPPATH\Views\v_matkul.php on line 113.
 1 APPPATH\Views\v_matkul.php(113): CodeIgniter\Debug\Exceptions->errorHandler(2, 'Undefined variable $ruang', 'APPPATH\\Views\\v_matkul.php', 113)
 2 SYSTEMPATH\View\View.php(213): include('APPPATH\\Views\\v_matkul.php')
 3 SYSTEMPATH\View\View.php(216): CodeIgniter\View\View->CodeIgniter\View\{closure}()
 4 SYSTEMPATH\Common.php(1134): CodeIgniter\View\View->render('v_matkul', [], true)
 5 APPPATH\Views\v_template_admin.php(205): view('v_matkul')
 6 SYSTEMPATH\View\View.php(213): include('APPPATH\\Views\\v_template_admin.php')
 7 SYSTEMPATH\View\View.php(216): CodeIgniter\View\View->CodeIgniter\View\{closure}()
 8 SYSTEMPATH\Common.php(1134): CodeIgniter\View\View->render('v_template_admin', [], true)
 9 APPPATH\Controllers\Matkul.php(30): view('v_template_admin', [...])
10 SYSTEMPATH\CodeIgniter.php(927): App\Controllers\Matkul->index()
11 SYSTEMPATH\CodeIgniter.php(482): CodeIgniter\CodeIgniter->runController(Object(App\Controllers\Matkul))
12 SYSTEMPATH\CodeIgniter.php(351): CodeIgniter\CodeIgniter->handleRequest(null, Object(Config\Cache), false)
13 FCPATH\index.php(67): CodeIgniter\CodeIgniter->run()
CRITICAL - 2026-01-15 02:14:29 --> Undefined array key "program_studi"
in APPPATH\Views\v_matkul.php on line 61.
 1 APPPATH\Views\v_matkul.php(61): CodeIgniter\Debug\Exceptions->errorHandler(2, 'Undefined array key "program_studi"', 'APPPATH\\Views\\v_matkul.php', 61)
 2 SYSTEMPATH\View\View.php(213): include('APPPATH\\Views\\v_matkul.php')
 3 SYSTEMPATH\View\View.php(216): CodeIgniter\View\View->CodeIgniter\View\{closure}()
 4 SYSTEMPATH\Common.php(1134): CodeIgniter\View\View->render('v_matkul', [], true)
 5 APPPATH\Views\v_template_admin.php(205): view('v_matkul')
 6 SYSTEMPATH\View\View.php(213): include('APPPATH\\Views\\v_template_admin.php')
 7 SYSTEMPATH\View\View.php(216): CodeIgniter\View\View->CodeIgniter\View\{closure}()
 8 SYSTEMPATH\Common.php(1134): CodeIgniter\View\View->render('v_template_admin', [], true)
 9 APPPATH\Controllers\Matkul.php(30): view('v_template_admin', [...])
10 SYSTEMPATH\CodeIgniter.php(927): App\Controllers\Matkul->index()
11 SYSTEMPATH\CodeIgniter.php(482): CodeIgniter\CodeIgniter->runController(Object(App\Controllers\Matkul))
12 SYSTEMPATH\CodeIgniter.php(351): CodeIgniter\CodeIgniter->handleRequest(null, Object(Config\Cache), false)
13 FCPATH\index.php(67): CodeIgniter\CodeIgniter->run()
CRITICAL - 2026-01-15 03:50:14 --> Invalid file: layout/template.php
in SYSTEMPATH\Exceptions\FrameworkException.php on line 33.
 1 SYSTEMPATH\View\View.php(201): CodeIgniter\Exceptions\FrameworkException::forInvalidFile('layout/template.php')
 2 SYSTEMPATH\View\View.php(229): CodeIgniter\View\View->render('layout/template', [], true)
 3 SYSTEMPATH\Common.php(1134): CodeIgniter\View\View->render('dosen/v_index', [], true)
 4 APPPATH\Views\v_template_admin.php(211): view('dosen/v_index')
 5 SYSTEMPATH\View\View.php(213): include('APPPATH\\Views\\v_template_admin.php')
 6 SYSTEMPATH\View\View.php(216): CodeIgniter\View\View->CodeIgniter\View\{closure}()
 7 SYSTEMPATH\Common.php(1134): CodeIgniter\View\View->render('v_template_admin', [], true)
 8 APPPATH\Controllers\Dosen.php(28): view('v_template_admin', [...])
 9 SYSTEMPATH\CodeIgniter.php(927): App\Controllers\Dosen->index()
10 SYSTEMPATH\CodeIgniter.php(482): CodeIgniter\CodeIgniter->runController(Object(App\Controllers\Dosen))
11 SYSTEMPATH\CodeIgniter.php(351): CodeIgniter\CodeIgniter->handleRequest(null, Object(Config\Cache), false)
12 FCPATH\index.php(67): CodeIgniter\CodeIgniter->run()
CRITICAL - 2026-01-15 04:19:21 --> Undefined array key "kode"
in APPPATH\Views\dosen\v_index.php on line 34.
 1 APPPATH\Views\dosen\v_index.php(34): CodeIgniter\Debug\Exceptions->errorHandler(2, 'Undefined array key "kode"', 'APPPATH\\Views\\dosen\\v_index.php', 34)
 2 SYSTEMPATH\View\View.php(213): include('APPPATH\\Views\\dosen\\v_index.php')
 3 SYSTEMPATH\View\View.php(216): CodeIgniter\View\View->CodeIgniter\View\{closure}()
 4 SYSTEMPATH\Common.php(1134): CodeIgniter\View\View->render('dosen/v_index', [], true)
 5 APPPATH\Views\v_template_admin.php(211): view('dosen/v_index')
 6 SYSTEMPATH\View\View.php(213): include('APPPATH\\Views\\v_template_admin.php')
 7 SYSTEMPATH\View\View.php(216): CodeIgniter\View\View->CodeIgniter\View\{closure}()
 8 SYSTEMPATH\Common.php(1134): CodeIgniter\View\View->render('v_template_admin', [], true)
 9 APPPATH\Controllers\Dosen.php(28): view('v_template_admin', [...])
10 SYSTEMPATH\CodeIgniter.php(927): App\Controllers\Dosen->index()
11 SYSTEMPATH\CodeIgniter.php(482): CodeIgniter\CodeIgniter->runController(Object(App\Controllers\Dosen))
12 SYSTEMPATH\CodeIgniter.php(351): CodeIgniter\CodeIgniter->handleRequest(null, Object(Config\Cache), false)
13 FCPATH\index.php(67): CodeIgniter\CodeIgniter->run()
CRITICAL - 2026-01-15 04:19:40 --> Undefined array key "pendidikan"
in APPPATH\Views\dosen\v_index.php on line 39.
 1 APPPATH\Views\dosen\v_index.php(39): CodeIgniter\Debug\Exceptions->errorHandler(2, 'Undefined array key "pendidikan"', 'APPPATH\\Views\\dosen\\v_index.php', 39)
 2 SYSTEMPATH\View\View.php(213): include('APPPATH\\Views\\dosen\\v_index.php')
 3 SYSTEMPATH\View\View.php(216): CodeIgniter\View\View->CodeIgniter\View\{closure}()
 4 SYSTEMPATH\Common.php(1134): CodeIgniter\View\View->render('dosen/v_index', [], true)
 5 APPPATH\Views\v_template_admin.php(211): view('dosen/v_index')
 6 SYSTEMPATH\View\View.php(213): include('APPPATH\\Views\\v_template_admin.php')
 7 SYSTEMPATH\View\View.php(216): CodeIgniter\View\View->CodeIgniter\View\{closure}()
 8 SYSTEMPATH\Common.php(1134): CodeIgniter\View\View->render('v_template_admin', [], true)
 9 APPPATH\Controllers\Dosen.php(28): view('v_template_admin', [...])
10 SYSTEMPATH\CodeIgniter.php(927): App\Controllers\Dosen->index()
11 SYSTEMPATH\CodeIgniter.php(482): CodeIgniter\CodeIgniter->runController(Object(App\Controllers\Dosen))
12 SYSTEMPATH\CodeIgniter.php(351): CodeIgniter\CodeIgniter->handleRequest(null, Object(Config\Cache), false)
13 FCPATH\index.php(67): CodeIgniter\CodeIgniter->run()
CRITICAL - 2026-01-15 04:20:05 --> Undefined array key "foto_dosen"
in APPPATH\Views\dosen\v_index.php on line 44.
 1 APPPATH\Views\dosen\v_index.php(44): CodeIgniter\Debug\Exceptions->errorHandler(2, 'Undefined array key "foto_dosen"', 'APPPATH\\Views\\dosen\\v_index.php', 44)
 2 SYSTEMPATH\View\View.php(213): include('APPPATH\\Views\\dosen\\v_index.php')
 3 SYSTEMPATH\View\View.php(216): CodeIgniter\View\View->CodeIgniter\View\{closure}()
 4 SYSTEMPATH\Common.php(1134): CodeIgniter\View\View->render('dosen/v_index', [], true)
 5 APPPATH\Views\v_template_admin.php(211): view('dosen/v_index')
 6 SYSTEMPATH\View\View.php(213): include('APPPATH\\Views\\v_template_admin.php')
 7 SYSTEMPATH\View\View.php(216): CodeIgniter\View\View->CodeIgniter\View\{closure}()
 8 SYSTEMPATH\Common.php(1134): CodeIgniter\View\View->render('v_template_admin', [], true)
 9 APPPATH\Controllers\Dosen.php(28): view('v_template_admin', [...])
10 SYSTEMPATH\CodeIgniter.php(927): App\Controllers\Dosen->index()
11 SYSTEMPATH\CodeIgniter.php(482): CodeIgniter\CodeIgniter->runController(Object(App\Controllers\Dosen))
12 SYSTEMPATH\CodeIgniter.php(351): CodeIgniter\CodeIgniter->handleRequest(null, Object(Config\Cache), false)
13 FCPATH\index.php(67): CodeIgniter\CodeIgniter->run()
CRITICAL - 2026-01-15 04:25:41 --> Undefined array key "foto_dosen"
in APPPATH\Views\dosen\v_index.php on line 44.
 1 APPPATH\Views\dosen\v_index.php(44): CodeIgniter\Debug\Exceptions->errorHandler(2, 'Undefined array key "foto_dosen"', 'APPPATH\\Views\\dosen\\v_index.php', 44)
 2 SYSTEMPATH\View\View.php(213): include('APPPATH\\Views\\dosen\\v_index.php')
 3 SYSTEMPATH\View\View.php(216): CodeIgniter\View\View->CodeIgniter\View\{closure}()
 4 SYSTEMPATH\Common.php(1134): CodeIgniter\View\View->render('dosen/v_index', [], true)
 5 APPPATH\Views\v_template_admin.php(211): view('dosen/v_index')
 6 SYSTEMPATH\View\View.php(213): include('APPPATH\\Views\\v_template_admin.php')
 7 SYSTEMPATH\View\View.php(216): CodeIgniter\View\View->CodeIgniter\View\{closure}()
 8 SYSTEMPATH\Common.php(1134): CodeIgniter\View\View->render('v_template_admin', [], true)
 9 APPPATH\Controllers\Dosen.php(28): view('v_template_admin', [...])
10 SYSTEMPATH\CodeIgniter.php(927): App\Controllers\Dosen->index()
11 SYSTEMPATH\CodeIgniter.php(482): CodeIgniter\CodeIgniter->runController(Object(App\Controllers\Dosen))
12 SYSTEMPATH\CodeIgniter.php(351): CodeIgniter\CodeIgniter->handleRequest(null, Object(Config\Cache), false)
13 FCPATH\index.php(67): CodeIgniter\CodeIgniter->run()
CRITICAL - 2026-01-15 04:26:14 --> Undefined array key "foto_dosen"
in APPPATH\Views\dosen\v_index.php on line 44.
 1 APPPATH\Views\dosen\v_index.php(44): CodeIgniter\Debug\Exceptions->errorHandler(2, 'Undefined array key "foto_dosen"', 'APPPATH\\Views\\dosen\\v_index.php', 44)
 2 SYSTEMPATH\View\View.php(213): include('APPPATH\\Views\\dosen\\v_index.php')
 3 SYSTEMPATH\View\View.php(216): CodeIgniter\View\View->CodeIgniter\View\{closure}()
 4 SYSTEMPATH\Common.php(1134): CodeIgniter\View\View->render('dosen/v_index', [], true)
 5 APPPATH\Views\v_template_admin.php(211): view('dosen/v_index')
 6 SYSTEMPATH\View\View.php(213): include('APPPATH\\Views\\v_template_admin.php')
 7 SYSTEMPATH\View\View.php(216): CodeIgniter\View\View->CodeIgniter\View\{closure}()
 8 SYSTEMPATH\Common.php(1134): CodeIgniter\View\View->render('v_template_admin', [], true)
 9 APPPATH\Controllers\Dosen.php(28): view('v_template_admin', [...])
10 SYSTEMPATH\CodeIgniter.php(927): App\Controllers\Dosen->index()
11 SYSTEMPATH\CodeIgniter.php(482): CodeIgniter\CodeIgniter->runController(Object(App\Controllers\Dosen))
12 SYSTEMPATH\CodeIgniter.php(351): CodeIgniter\CodeIgniter->handleRequest(null, Object(Config\Cache), false)
13 FCPATH\index.php(67): CodeIgniter\CodeIgniter->run()
CRITICAL - 2026-01-15 04:26:42 --> Undefined array key "foto_dosen"
in APPPATH\Views\dosen\v_index.php on line 44.
 1 APPPATH\Views\dosen\v_index.php(44): CodeIgniter\Debug\Exceptions->errorHandler(2, 'Undefined array key "foto_dosen"', 'APPPATH\\Views\\dosen\\v_index.php', 44)
 2 SYSTEMPATH\View\View.php(213): include('APPPATH\\Views\\dosen\\v_index.php')
 3 SYSTEMPATH\View\View.php(216): CodeIgniter\View\View->CodeIgniter\View\{closure}()
 4 SYSTEMPATH\Common.php(1134): CodeIgniter\View\View->render('dosen/v_index', [], true)
 5 APPPATH\Views\v_template_admin.php(211): view('dosen/v_index')
 6 SYSTEMPATH\View\View.php(213): include('APPPATH\\Views\\v_template_admin.php')
 7 SYSTEMPATH\View\View.php(216): CodeIgniter\View\View->CodeIgniter\View\{closure}()
 8 SYSTEMPATH\Common.php(1134): CodeIgniter\View\View->render('v_template_admin', [], true)
 9 APPPATH\Controllers\Dosen.php(28): view('v_template_admin', [...])
10 SYSTEMPATH\CodeIgniter.php(927): App\Controllers\Dosen->index()
11 SYSTEMPATH\CodeIgniter.php(482): CodeIgniter\CodeIgniter->runController(Object(App\Controllers\Dosen))
12 SYSTEMPATH\CodeIgniter.php(351): CodeIgniter\CodeIgniter->handleRequest(null, Object(Config\Cache), false)
13 FCPATH\index.php(67): CodeIgniter\CodeIgniter->run()
ERROR - 2026-01-15 18:40:15 --> mysqli_sql_exception: Table 'db-siakad-ci4.dosen' doesn't exist in E:\laragon\www\siakad.inf25\system\Database\MySQLi\Connection.php:292
Stack trace:
#0 E:\laragon\www\siakad.inf25\system\Database\MySQLi\Connection.php(292): mysqli->query('INSERT INTO `do...', 0)
#1 E:\laragon\www\siakad.inf25\system\Database\BaseConnection.php(666): CodeIgniter\Database\MySQLi\Connection->execute('INSERT INTO `do...')
#2 E:\laragon\www\siakad.inf25\system\Database\BaseConnection.php(593): CodeIgniter\Database\BaseConnection->simpleQuery('INSERT INTO `do...')
#3 E:\laragon\www\siakad.inf25\system\Database\BaseBuilder.php(1916): CodeIgniter\Database\BaseConnection->query('INSERT INTO `do...', Array, false)
#4 E:\laragon\www\siakad.inf25\system\Model.php(279): CodeIgniter\Database\BaseBuilder->insert()
#5 E:\laragon\www\siakad.inf25\system\BaseModel.php(749): CodeIgniter\Model->doInsert(Array)
#6 E:\laragon\www\siakad.inf25\system\Model.php(667): CodeIgniter\BaseModel->insert(Array, true)
#7 E:\laragon\www\siakad.inf25\app\Controllers\Dosen.php(52): CodeIgniter\Model->insert(Array)
#8 E:\laragon\www\siakad.inf25\system\CodeIgniter.php(927): App\Controllers\Dosen->insert()
#9 E:\laragon\www\siakad.inf25\system\CodeIgniter.php(482): CodeIgniter\CodeIgniter->runController(Object(App\Controllers\Dosen))
#10 E:\laragon\www\siakad.inf25\system\CodeIgniter.php(351): CodeIgniter\CodeIgniter->handleRequest(NULL, Object(Config\Cache), false)
#11 E:\laragon\www\siakad.inf25\public\index.php(67): CodeIgniter\CodeIgniter->run()
#12 {main}
CRITICAL - 2026-01-15 18:40:15 --> Table 'db-siakad-ci4.dosen' doesn't exist
in SYSTEMPATH\Database\MySQLi\Connection.php on line 292.
 1 SYSTEMPATH\Database\MySQLi\Connection.php(292): mysqli->query('INSERT INTO `dosen` (`kode_dosen`, `nidn`, `nama_dosen`, `jk`, `tgl_lahir`, `pendidikan_terakhir`, `email`, `foto`) VALUES (\'424\', \'\', \'Alif\', \'L\', \'2016-02-17\', \'\', \'alif@example.com\', NULL)', 0)
 2 SYSTEMPATH\Database\BaseConnection.php(666): CodeIgniter\Database\MySQLi\Connection->execute('INSERT INTO `dosen` (`kode_dosen`, `nidn`, `nama_dosen`, `jk`, `tgl_lahir`, `pendidikan_terakhir`, `email`, `foto`) VALUES (\'424\', \'\', \'Alif\', \'L\', \'2016-02-17\', \'\', \'alif@example.com\', NULL)')
 3 SYSTEMPATH\Database\BaseConnection.php(593): CodeIgniter\Database\BaseConnection->simpleQuery('INSERT INTO `dosen` (`kode_dosen`, `nidn`, `nama_dosen`, `jk`, `tgl_lahir`, `pendidikan_terakhir`, `email`, `foto`) VALUES (\'424\', \'\', \'Alif\', \'L\', \'2016-02-17\', \'\', \'alif@example.com\', NULL)')
 4 SYSTEMPATH\Database\BaseBuilder.php(1916): CodeIgniter\Database\BaseConnection->query('INSERT INTO `dosen` (`kode_dosen`, `nidn`, `nama_dosen`, `jk`, `tgl_lahir`, `pendidikan_terakhir`, `email`, `foto`) VALUES (:kode_dosen:, :nidn:, :nama_dosen:, :jk:, :tgl_lahir:, :pendidikan_terakhir:, :email:, :foto:)', [...], false)
 5 SYSTEMPATH\Model.php(279): CodeIgniter\Database\BaseBuilder->insert()
 6 SYSTEMPATH\BaseModel.php(749): CodeIgniter\Model->doInsert([...])
 7 SYSTEMPATH\Model.php(667): CodeIgniter\BaseModel->insert([...], true)
 8 APPPATH\Controllers\Dosen.php(52): CodeIgniter\Model->insert([...])
 9 SYSTEMPATH\CodeIgniter.php(927): App\Controllers\Dosen->insert()
10 SYSTEMPATH\CodeIgniter.php(482): CodeIgniter\CodeIgniter->runController(Object(App\Controllers\Dosen))
11 SYSTEMPATH\CodeIgniter.php(351): CodeIgniter\CodeIgniter->handleRequest(null, Object(Config\Cache), false)
12 FCPATH\index.php(67): CodeIgniter\CodeIgniter->run()
CRITICAL - 2026-01-15 18:53:54 --> Unmatched '}'
in APPPATH\Controllers\Dosen.php on line 99.
 1 SYSTEMPATH\Autoloader\Autoloader.php(259): CodeIgniter\Autoloader\Autoloader->includeFile('APPPATH\\Controllers\\Dosen.php')
 2 SYSTEMPATH\Autoloader\Autoloader.php(237): CodeIgniter\Autoloader\Autoloader->loadInNamespace('App\\Controllers\\Dosen')
 3 [internal function]: CodeIgniter\Autoloader\Autoloader->loadClass('App\\Controllers\\Dosen')
 4 SYSTEMPATH\CodeIgniter.php(877): class_exists('\\App\\Controllers\\Dosen', true)
 5 SYSTEMPATH\CodeIgniter.php(469): CodeIgniter\CodeIgniter->startController()
 6 SYSTEMPATH\CodeIgniter.php(351): CodeIgniter\CodeIgniter->handleRequest(null, Object(Config\Cache), false)
 7 FCPATH\index.php(67): CodeIgniter\CodeIgniter->run()
